Running: C:\Xilinx\13.4\ISE_DS\ISE\bin\nt64\unwrapped\fuse.exe -intstyle ise -incremental -o C:/Users/Mike/Desktop/organwsh/lab6/ExceptionAndCache/test_isim_beh.exe -prj C:/Users/Mike/Desktop/organwsh/lab6/ExceptionAndCache/test_beh.prj work.test 
ISim O.87xd (signature 0xc3576ebc)
Number of CPUs detected in this system: 4
Turning on mult-threading, number of parallel sub-compilation jobs: 8 
Determining compilation order of HDL files
Parsing VHDL file "C:/Users/Mike/Desktop/organwsh/lab6/ExceptionAndCache/mux.vhd" into library work
Parsing VHDL file "C:/Users/Mike/Desktop/organwsh/lab6/ExceptionAndCache/mux32Bit.vhd" into library work
Parsing VHDL file "C:/Users/Mike/Desktop/organwsh/lab6/ExceptionAndCache/demux1bit.vhd" into library work
Parsing VHDL file "C:/Users/Mike/Desktop/organwsh/lab6/ExceptionAndCache/mux4to1_32Bit.vhd" into library work
Parsing VHDL file "C:/Users/Mike/Desktop/organwsh/lab6/ExceptionAndCache/flipflop.vhd" into library work
Parsing VHDL file "C:/Users/Mike/Desktop/organwsh/lab6/ExceptionAndCache/demux2to4.vhd" into library work
Parsing VHDL file "C:/Users/Mike/Desktop/organwsh/lab6/ExceptionAndCache/Reg1Bit.vhd" into library work
Parsing VHDL file "C:/Users/Mike/Desktop/organwsh/lab6/ExceptionAndCache/mux8to1_32Bit.vhd" into library work
Parsing VHDL file "C:/Users/Mike/Desktop/organwsh/lab6/ExceptionAndCache/demux3to8.vhd" into library work
Parsing VHDL file "C:/Users/Mike/Desktop/organwsh/lab6/ExceptionAndCache/Reg4Bit.vhd" into library work
Parsing VHDL file "C:/Users/Mike/Desktop/organwsh/lab6/ExceptionAndCache/Reg1BitR.vhd" into library work
Parsing VHDL file "C:/Users/Mike/Desktop/organwsh/lab6/ExceptionAndCache/mux16to1_32Bit.vhd" into library work
Parsing VHDL file "C:/Users/Mike/Desktop/organwsh/lab6/ExceptionAndCache/demux4to16.vhd" into library work
Parsing VHDL file "C:/Users/Mike/Desktop/organwsh/lab6/ExceptionAndCache/Reg4BitR.vhd" into library work
Parsing VHDL file "C:/Users/Mike/Desktop/organwsh/lab6/ExceptionAndCache/Reg32Bit.vhd" into library work
Parsing VHDL file "C:/Users/Mike/Desktop/organwsh/lab6/ExceptionAndCache/mux32to1_32Bit.vhd" into library work
Parsing VHDL file "C:/Users/Mike/Desktop/organwsh/lab6/ExceptionAndCache/mux16bit.vhd" into library work
Parsing VHDL file "C:/Users/Mike/Desktop/organwsh/lab6/ExceptionAndCache/demux5to32.vhd" into library work
Parsing VHDL file "C:/Users/Mike/Desktop/organwsh/lab6/ExceptionAndCache/compareModule.vhd" into library work
Parsing VHDL file "C:/Users/Mike/Desktop/organwsh/lab6/ExceptionAndCache/top.vhd" into library work
Parsing VHDL file "C:/Users/Mike/Desktop/organwsh/lab6/ExceptionAndCache/RegisterFile.vhd" into library work
Parsing VHDL file "C:/Users/Mike/Desktop/organwsh/lab6/ExceptionAndCache/Reg32BitR.vhd" into library work
Parsing VHDL file "C:/Users/Mike/Desktop/organwsh/lab6/ExceptionAndCache/mux5Bit.vhd" into library work
Parsing VHDL file "C:/Users/Mike/Desktop/organwsh/lab6/ExceptionAndCache/mux2to1_2bit.vhd" into library work
Parsing VHDL file "C:/Users/Mike/Desktop/organwsh/lab6/ExceptionAndCache/Incrementor.vhd" into library work
Parsing VHDL file "C:/Users/Mike/Desktop/organwsh/lab6/ExceptionAndCache/IF_MEM.vhd" into library work
Parsing VHDL file "C:/Users/Mike/Desktop/organwsh/lab6/ExceptionAndCache/Extender16to32.vhd" into library work
Parsing VHDL file "C:/Users/Mike/Desktop/organwsh/lab6/ExceptionAndCache/exceptionFSM.vhd" into library work
Parsing VHDL file "C:/Users/Mike/Desktop/organwsh/lab6/ExceptionAndCache/exceptionFinder.vhd" into library work
Parsing VHDL file "C:/Users/Mike/Desktop/organwsh/lab6/ExceptionAndCache/Table.vhd" into library work
Parsing VHDL file "C:/Users/Mike/Desktop/organwsh/lab6/ExceptionAndCache/Reg8Bit.vhd" into library work
Parsing VHDL file "C:/Users/Mike/Desktop/organwsh/lab6/ExceptionAndCache/Reg128BitR.vhd" into library work
Parsing VHDL file "C:/Users/Mike/Desktop/organwsh/lab6/ExceptionAndCache/IFSTAGE.vhd" into library work
Parsing VHDL file "C:/Users/Mike/Desktop/organwsh/lab6/ExceptionAndCache/hitFinder.vhd" into library work
Parsing VHDL file "C:/Users/Mike/Desktop/organwsh/lab6/ExceptionAndCache/exceptionHandler.vhd" into library work
Parsing VHDL file "C:/Users/Mike/Desktop/organwsh/lab6/ExceptionAndCache/DECODE.vhd" into library work
Parsing VHDL file "C:/Users/Mike/Desktop/organwsh/lab6/ExceptionAndCache/Cache.vhd" into library work
Parsing VHDL file "C:/Users/Mike/Desktop/organwsh/lab6/ExceptionAndCache/ALUSTAGE.vhd" into library work
Parsing VHDL file "C:/Users/Mike/Desktop/organwsh/lab6/ExceptionAndCache/Adder.vhd" into library work
Parsing VHDL file "C:/Users/Mike/Desktop/organwsh/lab6/ExceptionAndCache/Stall_Unit.vhd" into library work
Parsing VHDL file "C:/Users/Mike/Desktop/organwsh/lab6/ExceptionAndCache/Forwarding_Unit.vhd" into library work
Parsing VHDL file "C:/Users/Mike/Desktop/organwsh/lab6/ExceptionAndCache/Datapath.vhd" into library work
Parsing VHDL file "C:/Users/Mike/Desktop/organwsh/lab6/ExceptionAndCache/Control.vhd" into library work
Parsing VHDL file "C:/Users/Mike/Desktop/organwsh/lab6/ExceptionAndCache/PipelinedProcessor.vhd" into library work
Parsing VHDL file "C:/Users/Mike/Desktop/organwsh/lab6/ExceptionAndCache/test.vhd" into library work
Starting static elaboration
Completed static elaboration
Compiling package standard
Compiling package std_logic_1164
Compiling package std_logic_arith
Compiling package std_logic_unsigned
Compiling package textio
Compiling package std_logic_textio
Compiling architecture behavioral of entity mux [mux_default]
Compiling architecture behavioral of entity flipflop [flipflop_default]
Compiling architecture behavioral of entity Reg1BitR [reg1bitr_default]
Compiling architecture behavioral of entity Reg4BitR [reg4bitr_default]
Compiling architecture structural of entity Reg32BitR [reg32bitr_default]
Compiling architecture syn of entity IF_MEM [if_mem_default]
Compiling architecture behavioral of entity mux32Bit [mux32bit_default]
Compiling architecture behavioral of entity Incrementor [incrementor_default]
Compiling architecture behavioral of entity mux4to1_32Bit [mux4to1_32bit_default]
Compiling architecture structral of entity IFSTAGE [ifstage_default]
Compiling architecture behavioral of entity exceptionFinder [exceptionfinder_default]
Compiling architecture behavioral of entity exceptionFSM [exceptionfsm_default]
Compiling architecture behavioral of entity mux2to1_2bit [mux2to1_2bit_default]
Compiling architecture behavioral of entity exceptionHandler [exceptionhandler_default]
Compiling package numeric_std
Compiling architecture behavioral of entity mux16Bit [mux16bit_default]
Compiling architecture structural of entity ImmedBox [immedbox_default]
Compiling architecture behavioral of entity mux5Bit [mux5bit_default]
Compiling architecture behavioral of entity demux [demux_default]
Compiling architecture behavioral of entity demux2to4 [demux2to4_default]
Compiling architecture behavioral of entity demux3to8 [demux3to8_default]
Compiling architecture behavioral of entity demux4to16 [demux4to16_default]
Compiling architecture behavioral of entity Decoder5to32 [decoder5to32_default]
Compiling architecture behavioral of entity Reg1Bit [reg1bit_default]
Compiling architecture behavioral of entity Reg4Bit [reg4bit_default]
Compiling architecture structural of entity Reg32Bit [reg32bit_default]
Compiling architecture behavioral of entity mux8to1_32Bit [mux8to1_32bit_default]
Compiling architecture behavioral of entity mux16to1_32Bit [mux16to1_32bit_default]
Compiling architecture behavioral of entity mux32to1_32Bit [mux32to1_32bit_default]
Compiling architecture behavioral of entity compareModule [comparemodule_default]
Compiling architecture behavioral of entity RegisterFile [registerfile_default]
Compiling architecture behavioral of entity DECODE [decode_default]
Compiling architecture behavioral of entity Adder [adder_default]
Compiling architecture behavioral of entity Reg8Bit [reg8bit_default]
Compiling architecture behavioral of entity ALU [alu_default]
Compiling architecture behavioral of entity ALUSTAGE [alustage_default]
Compiling architecture syn of entity Cache [cache_default]
Compiling architecture behavioral of entity hitFinder [hitfinder_default]
Compiling architecture behavioral of entity Reg128BitR [reg128bitr_default]
Compiling architecture behavioral of entity Datapath [datapath_default]
Compiling architecture behavioral of entity Table [table_default]
Compiling architecture behavioral of entity Control [control_default]
Compiling architecture behavioral of entity Forwarding_Unit [forwarding_unit_default]
Compiling architecture behavioral of entity Stall_Unit [stall_unit_default]
Compiling architecture behavioral of entity PipelinedProcessor [pipelinedprocessor_default]
Compiling architecture behavior of entity test
Time Resolution for simulation is 1ps.
Waiting for 26 sub-compilation(s) to finish...
Compiled 96 VHDL Units
Built simulation executable C:/Users/Mike/Desktop/organwsh/lab6/ExceptionAndCache/test_isim_beh.exe
Fuse Memory Usage: 44880 KB
Fuse CPU Usage: 1171 ms
