--------------------------------------------------------------------------------
Release 13.4 Trace  (nt)
Copyright (c) 1995-2011 Xilinx, Inc.  All rights reserved.

C:\Xilinx\13.4\ISE_DS\ISE\bin\nt\unwrapped\trce.exe -intstyle ise -v 3 -s 5 -n
3 -fastpaths -xml ALUSTAGE.twx ALUSTAGE.ncd -o ALUSTAGE.twr ALUSTAGE.pcf

Design file:              ALUSTAGE.ncd
Physical constraint file: ALUSTAGE.pcf
Device,package,speed:     xc3s1600e,fg320,-5 (PRODUCTION 1.27 2012-01-07)
Report level:             verbose report

Environment Variable      Effect 
--------------------      ------ 
NONE                      No environment variables were set
--------------------------------------------------------------------------------

INFO:Timing:2698 - No timing constraints found, doing default enumeration.
INFO:Timing:3412 - To improve timing, see the Timing Closure User Guide (UG612).
INFO:Timing:2752 - To get complete path coverage, use the unconstrained paths 
   option. All paths that are not constrained will be reported in the 
   unconstrained paths section(s) of the report.
INFO:Timing:3339 - The clock-to-out numbers in this timing report are based on 
   a 50 Ohm transmission line loading model.  For the details of this model, 
   and for more information on accounting for different loading conditions, 
   please see the device datasheet.
INFO:Timing:3390 - This architecture does not support a default System Jitter 
   value, please add SYSTEM_JITTER constraint to the UCF to modify the Clock 
   Uncertainty calculation.
INFO:Timing:3389 - This architecture does not support 'Discrete Jitter' and 
   'Phase Error' calculations, these terms will be zero in the Clock 
   Uncertainty calculation.  Please make appropriate modification to 
   SYSTEM_JITTER to account for the unsupported Discrete Jitter and Phase 
   Error.



Data Sheet report:
-----------------
All values displayed in nanoseconds (ns)

Pad to Pad
---------------+---------------+---------+
Source Pad     |Destination Pad|  Delay  |
---------------+---------------+---------+
ALU_Bin_sel    |ALU_out<0>     |   18.476|
ALU_Bin_sel    |ALU_out<1>     |   18.845|
ALU_Bin_sel    |ALU_out<2>     |   19.593|
ALU_Bin_sel    |ALU_out<3>     |   19.758|
ALU_Bin_sel    |ALU_out<4>     |   19.145|
ALU_Bin_sel    |ALU_out<5>     |   19.161|
ALU_Bin_sel    |ALU_out<6>     |   19.574|
ALU_Bin_sel    |ALU_out<7>     |   19.579|
ALU_Bin_sel    |ALU_out<8>     |   19.895|
ALU_Bin_sel    |ALU_out<9>     |   20.279|
ALU_Bin_sel    |ALU_out<10>    |   19.336|
ALU_Bin_sel    |ALU_out<11>    |   20.102|
ALU_Bin_sel    |ALU_out<12>    |   19.773|
ALU_Bin_sel    |ALU_out<13>    |   19.745|
ALU_Bin_sel    |ALU_out<14>    |   19.204|
ALU_Bin_sel    |ALU_out<15>    |   20.078|
ALU_Bin_sel    |ALU_out<16>    |   20.370|
ALU_Bin_sel    |ALU_out<17>    |   20.929|
ALU_Bin_sel    |ALU_out<18>    |   21.104|
ALU_Bin_sel    |ALU_out<19>    |   21.011|
ALU_Bin_sel    |ALU_out<20>    |   20.022|
ALU_Bin_sel    |ALU_out<21>    |   20.183|
ALU_Bin_sel    |ALU_out<22>    |   21.393|
ALU_Bin_sel    |ALU_out<23>    |   20.235|
ALU_Bin_sel    |ALU_out<24>    |   20.641|
ALU_Bin_sel    |ALU_out<25>    |   20.325|
ALU_Bin_sel    |ALU_out<26>    |   20.957|
ALU_Bin_sel    |ALU_out<27>    |   20.415|
ALU_Bin_sel    |ALU_out<28>    |   20.873|
ALU_Bin_sel    |ALU_out<29>    |   20.344|
ALU_Bin_sel    |ALU_out<30>    |   20.284|
ALU_Bin_sel    |ALU_out<31>    |   21.486|
ALU_Bin_sel    |Zero           |   26.526|
ALU_func<0>    |ALU_out<0>     |   19.385|
ALU_func<0>    |ALU_out<1>     |   20.598|
ALU_func<0>    |ALU_out<2>     |   21.669|
ALU_func<0>    |ALU_out<3>     |   22.539|
ALU_func<0>    |ALU_out<4>     |   22.061|
ALU_func<0>    |ALU_out<5>     |   22.077|
ALU_func<0>    |ALU_out<6>     |   22.361|
ALU_func<0>    |ALU_out<7>     |   22.366|
ALU_func<0>    |ALU_out<8>     |   22.682|
ALU_func<0>    |ALU_out<9>     |   23.066|
ALU_func<0>    |ALU_out<10>    |   22.123|
ALU_func<0>    |ALU_out<11>    |   22.889|
ALU_func<0>    |ALU_out<12>    |   22.560|
ALU_func<0>    |ALU_out<13>    |   22.532|
ALU_func<0>    |ALU_out<14>    |   21.899|
ALU_func<0>    |ALU_out<15>    |   22.598|
ALU_func<0>    |ALU_out<16>    |   22.890|
ALU_func<0>    |ALU_out<17>    |   23.449|
ALU_func<0>    |ALU_out<18>    |   23.624|
ALU_func<0>    |ALU_out<19>    |   23.531|
ALU_func<0>    |ALU_out<20>    |   22.542|
ALU_func<0>    |ALU_out<21>    |   22.703|
ALU_func<0>    |ALU_out<22>    |   23.913|
ALU_func<0>    |ALU_out<23>    |   22.755|
ALU_func<0>    |ALU_out<24>    |   22.798|
ALU_func<0>    |ALU_out<25>    |   22.482|
ALU_func<0>    |ALU_out<26>    |   23.114|
ALU_func<0>    |ALU_out<27>    |   22.572|
ALU_func<0>    |ALU_out<28>    |   23.030|
ALU_func<0>    |ALU_out<29>    |   22.501|
ALU_func<0>    |ALU_out<30>    |   22.441|
ALU_func<0>    |ALU_out<31>    |   23.643|
ALU_func<0>    |Zero           |   28.683|
ALU_func<1>    |ALU_out<0>     |   21.655|
ALU_func<1>    |ALU_out<1>     |   22.490|
ALU_func<1>    |ALU_out<2>     |   23.582|
ALU_func<1>    |ALU_out<3>     |   23.898|
ALU_func<1>    |ALU_out<4>     |   23.203|
ALU_func<1>    |ALU_out<5>     |   23.219|
ALU_func<1>    |ALU_out<6>     |   23.503|
ALU_func<1>    |ALU_out<7>     |   23.508|
ALU_func<1>    |ALU_out<8>     |   23.824|
ALU_func<1>    |ALU_out<9>     |   24.208|
ALU_func<1>    |ALU_out<10>    |   23.265|
ALU_func<1>    |ALU_out<11>    |   24.031|
ALU_func<1>    |ALU_out<12>    |   23.702|
ALU_func<1>    |ALU_out<13>    |   23.674|
ALU_func<1>    |ALU_out<14>    |   23.041|
ALU_func<1>    |ALU_out<15>    |   23.681|
ALU_func<1>    |ALU_out<16>    |   23.973|
ALU_func<1>    |ALU_out<17>    |   24.532|
ALU_func<1>    |ALU_out<18>    |   24.707|
ALU_func<1>    |ALU_out<19>    |   24.614|
ALU_func<1>    |ALU_out<20>    |   23.625|
ALU_func<1>    |ALU_out<21>    |   23.786|
ALU_func<1>    |ALU_out<22>    |   24.996|
ALU_func<1>    |ALU_out<23>    |   23.838|
ALU_func<1>    |ALU_out<24>    |   23.881|
ALU_func<1>    |ALU_out<25>    |   23.565|
ALU_func<1>    |ALU_out<26>    |   24.197|
ALU_func<1>    |ALU_out<27>    |   23.655|
ALU_func<1>    |ALU_out<28>    |   24.113|
ALU_func<1>    |ALU_out<29>    |   23.584|
ALU_func<1>    |ALU_out<30>    |   23.524|
ALU_func<1>    |ALU_out<31>    |   24.726|
ALU_func<1>    |Zero           |   29.766|
ALU_func<2>    |ALU_out<0>     |   20.489|
ALU_func<2>    |ALU_out<1>     |   21.324|
ALU_func<2>    |ALU_out<2>     |   22.416|
ALU_func<2>    |ALU_out<3>     |   22.732|
ALU_func<2>    |ALU_out<4>     |   22.037|
ALU_func<2>    |ALU_out<5>     |   22.053|
ALU_func<2>    |ALU_out<6>     |   22.337|
ALU_func<2>    |ALU_out<7>     |   22.342|
ALU_func<2>    |ALU_out<8>     |   22.658|
ALU_func<2>    |ALU_out<9>     |   23.042|
ALU_func<2>    |ALU_out<10>    |   22.099|
ALU_func<2>    |ALU_out<11>    |   22.865|
ALU_func<2>    |ALU_out<12>    |   22.536|
ALU_func<2>    |ALU_out<13>    |   22.508|
ALU_func<2>    |ALU_out<14>    |   21.875|
ALU_func<2>    |ALU_out<15>    |   22.515|
ALU_func<2>    |ALU_out<16>    |   22.807|
ALU_func<2>    |ALU_out<17>    |   23.366|
ALU_func<2>    |ALU_out<18>    |   23.541|
ALU_func<2>    |ALU_out<19>    |   23.448|
ALU_func<2>    |ALU_out<20>    |   22.459|
ALU_func<2>    |ALU_out<21>    |   22.620|
ALU_func<2>    |ALU_out<22>    |   23.830|
ALU_func<2>    |ALU_out<23>    |   22.672|
ALU_func<2>    |ALU_out<24>    |   22.715|
ALU_func<2>    |ALU_out<25>    |   22.399|
ALU_func<2>    |ALU_out<26>    |   23.031|
ALU_func<2>    |ALU_out<27>    |   22.489|
ALU_func<2>    |ALU_out<28>    |   22.947|
ALU_func<2>    |ALU_out<29>    |   22.418|
ALU_func<2>    |ALU_out<30>    |   22.358|
ALU_func<2>    |ALU_out<31>    |   23.560|
ALU_func<2>    |Zero           |   28.600|
ALU_func<3>    |ALU_out<0>     |   20.183|
ALU_func<3>    |ALU_out<1>     |   21.018|
ALU_func<3>    |ALU_out<2>     |   22.110|
ALU_func<3>    |ALU_out<3>     |   22.426|
ALU_func<3>    |ALU_out<4>     |   21.731|
ALU_func<3>    |ALU_out<5>     |   21.747|
ALU_func<3>    |ALU_out<6>     |   22.031|
ALU_func<3>    |ALU_out<7>     |   22.036|
ALU_func<3>    |ALU_out<8>     |   22.352|
ALU_func<3>    |ALU_out<9>     |   22.736|
ALU_func<3>    |ALU_out<10>    |   21.793|
ALU_func<3>    |ALU_out<11>    |   22.559|
ALU_func<3>    |ALU_out<12>    |   22.230|
ALU_func<3>    |ALU_out<13>    |   22.202|
ALU_func<3>    |ALU_out<14>    |   21.569|
ALU_func<3>    |ALU_out<15>    |   22.209|
ALU_func<3>    |ALU_out<16>    |   22.501|
ALU_func<3>    |ALU_out<17>    |   23.060|
ALU_func<3>    |ALU_out<18>    |   23.235|
ALU_func<3>    |ALU_out<19>    |   23.142|
ALU_func<3>    |ALU_out<20>    |   22.153|
ALU_func<3>    |ALU_out<21>    |   22.314|
ALU_func<3>    |ALU_out<22>    |   23.524|
ALU_func<3>    |ALU_out<23>    |   22.366|
ALU_func<3>    |ALU_out<24>    |   22.409|
ALU_func<3>    |ALU_out<25>    |   22.093|
ALU_func<3>    |ALU_out<26>    |   22.725|
ALU_func<3>    |ALU_out<27>    |   22.183|
ALU_func<3>    |ALU_out<28>    |   22.641|
ALU_func<3>    |ALU_out<29>    |   22.112|
ALU_func<3>    |ALU_out<30>    |   22.052|
ALU_func<3>    |ALU_out<31>    |   23.254|
ALU_func<3>    |Zero           |   28.294|
Immed<0>       |ALU_out<0>     |   16.611|
Immed<0>       |ALU_out<1>     |   16.980|
Immed<0>       |ALU_out<2>     |   17.779|
Immed<0>       |ALU_out<3>     |   18.053|
Immed<0>       |ALU_out<4>     |   17.575|
Immed<0>       |ALU_out<5>     |   17.591|
Immed<0>       |ALU_out<6>     |   17.967|
Immed<0>       |ALU_out<7>     |   17.972|
Immed<0>       |ALU_out<8>     |   18.288|
Immed<0>       |ALU_out<9>     |   18.672|
Immed<0>       |ALU_out<10>    |   17.729|
Immed<0>       |ALU_out<11>    |   18.495|
Immed<0>       |ALU_out<12>    |   18.166|
Immed<0>       |ALU_out<13>    |   18.138|
Immed<0>       |ALU_out<14>    |   17.590|
Immed<0>       |ALU_out<15>    |   18.464|
Immed<0>       |ALU_out<16>    |   18.756|
Immed<0>       |ALU_out<17>    |   19.315|
Immed<0>       |ALU_out<18>    |   19.490|
Immed<0>       |ALU_out<19>    |   19.397|
Immed<0>       |ALU_out<20>    |   18.408|
Immed<0>       |ALU_out<21>    |   18.569|
Immed<0>       |ALU_out<22>    |   19.779|
Immed<0>       |ALU_out<23>    |   18.621|
Immed<0>       |ALU_out<24>    |   19.027|
Immed<0>       |ALU_out<25>    |   18.711|
Immed<0>       |ALU_out<26>    |   19.343|
Immed<0>       |ALU_out<27>    |   18.801|
Immed<0>       |ALU_out<28>    |   19.259|
Immed<0>       |ALU_out<29>    |   18.730|
Immed<0>       |ALU_out<30>    |   18.670|
Immed<0>       |ALU_out<31>    |   19.872|
Immed<0>       |Zero           |   24.912|
Immed<1>       |ALU_out<1>     |   16.529|
Immed<1>       |ALU_out<2>     |   17.494|
Immed<1>       |ALU_out<3>     |   17.985|
Immed<1>       |ALU_out<4>     |   17.507|
Immed<1>       |ALU_out<5>     |   17.523|
Immed<1>       |ALU_out<6>     |   17.899|
Immed<1>       |ALU_out<7>     |   17.904|
Immed<1>       |ALU_out<8>     |   18.220|
Immed<1>       |ALU_out<9>     |   18.604|
Immed<1>       |ALU_out<10>    |   17.661|
Immed<1>       |ALU_out<11>    |   18.427|
Immed<1>       |ALU_out<12>    |   18.098|
Immed<1>       |ALU_out<13>    |   18.070|
Immed<1>       |ALU_out<14>    |   17.522|
Immed<1>       |ALU_out<15>    |   18.396|
Immed<1>       |ALU_out<16>    |   18.688|
Immed<1>       |ALU_out<17>    |   19.247|
Immed<1>       |ALU_out<18>    |   19.422|
Immed<1>       |ALU_out<19>    |   19.329|
Immed<1>       |ALU_out<20>    |   18.340|
Immed<1>       |ALU_out<21>    |   18.501|
Immed<1>       |ALU_out<22>    |   19.711|
Immed<1>       |ALU_out<23>    |   18.553|
Immed<1>       |ALU_out<24>    |   18.959|
Immed<1>       |ALU_out<25>    |   18.643|
Immed<1>       |ALU_out<26>    |   19.275|
Immed<1>       |ALU_out<27>    |   18.733|
Immed<1>       |ALU_out<28>    |   19.191|
Immed<1>       |ALU_out<29>    |   18.662|
Immed<1>       |ALU_out<30>    |   18.602|
Immed<1>       |ALU_out<31>    |   19.804|
Immed<1>       |Zero           |   24.844|
Immed<2>       |ALU_out<2>     |   17.288|
Immed<2>       |ALU_out<3>     |   18.032|
Immed<2>       |ALU_out<4>     |   17.554|
Immed<2>       |ALU_out<5>     |   17.570|
Immed<2>       |ALU_out<6>     |   18.183|
Immed<2>       |ALU_out<7>     |   18.188|
Immed<2>       |ALU_out<8>     |   18.504|
Immed<2>       |ALU_out<9>     |   18.888|
Immed<2>       |ALU_out<10>    |   17.945|
Immed<2>       |ALU_out<11>    |   18.711|
Immed<2>       |ALU_out<12>    |   18.382|
Immed<2>       |ALU_out<13>    |   18.354|
Immed<2>       |ALU_out<14>    |   17.806|
Immed<2>       |ALU_out<15>    |   18.680|
Immed<2>       |ALU_out<16>    |   18.972|
Immed<2>       |ALU_out<17>    |   19.531|
Immed<2>       |ALU_out<18>    |   19.706|
Immed<2>       |ALU_out<19>    |   19.613|
Immed<2>       |ALU_out<20>    |   18.624|
Immed<2>       |ALU_out<21>    |   18.785|
Immed<2>       |ALU_out<22>    |   19.995|
Immed<2>       |ALU_out<23>    |   18.837|
Immed<2>       |ALU_out<24>    |   19.243|
Immed<2>       |ALU_out<25>    |   18.927|
Immed<2>       |ALU_out<26>    |   19.559|
Immed<2>       |ALU_out<27>    |   19.017|
Immed<2>       |ALU_out<28>    |   19.475|
Immed<2>       |ALU_out<29>    |   18.946|
Immed<2>       |ALU_out<30>    |   18.886|
Immed<2>       |ALU_out<31>    |   20.088|
Immed<2>       |Zero           |   25.128|
Immed<3>       |ALU_out<3>     |   17.480|
Immed<3>       |ALU_out<4>     |   17.002|
Immed<3>       |ALU_out<5>     |   17.110|
Immed<3>       |ALU_out<6>     |   17.848|
Immed<3>       |ALU_out<7>     |   17.853|
Immed<3>       |ALU_out<8>     |   18.169|
Immed<3>       |ALU_out<9>     |   18.553|
Immed<3>       |ALU_out<10>    |   17.610|
Immed<3>       |ALU_out<11>    |   18.376|
Immed<3>       |ALU_out<12>    |   18.047|
Immed<3>       |ALU_out<13>    |   18.019|
Immed<3>       |ALU_out<14>    |   17.471|
Immed<3>       |ALU_out<15>    |   18.345|
Immed<3>       |ALU_out<16>    |   18.637|
Immed<3>       |ALU_out<17>    |   19.196|
Immed<3>       |ALU_out<18>    |   19.371|
Immed<3>       |ALU_out<19>    |   19.278|
Immed<3>       |ALU_out<20>    |   18.289|
Immed<3>       |ALU_out<21>    |   18.450|
Immed<3>       |ALU_out<22>    |   19.660|
Immed<3>       |ALU_out<23>    |   18.502|
Immed<3>       |ALU_out<24>    |   18.908|
Immed<3>       |ALU_out<25>    |   18.592|
Immed<3>       |ALU_out<26>    |   19.224|
Immed<3>       |ALU_out<27>    |   18.682|
Immed<3>       |ALU_out<28>    |   19.140|
Immed<3>       |ALU_out<29>    |   18.611|
Immed<3>       |ALU_out<30>    |   18.551|
Immed<3>       |ALU_out<31>    |   19.753|
Immed<3>       |Zero           |   24.793|
Immed<4>       |ALU_out<4>     |   16.778|
Immed<4>       |ALU_out<5>     |   17.360|
Immed<4>       |ALU_out<6>     |   18.098|
Immed<4>       |ALU_out<7>     |   18.103|
Immed<4>       |ALU_out<8>     |   18.430|
Immed<4>       |ALU_out<9>     |   18.814|
Immed<4>       |ALU_out<10>    |   17.871|
Immed<4>       |ALU_out<11>    |   18.637|
Immed<4>       |ALU_out<12>    |   18.308|
Immed<4>       |ALU_out<13>    |   18.354|
Immed<4>       |ALU_out<14>    |   17.958|
Immed<4>       |ALU_out<15>    |   18.832|
Immed<4>       |ALU_out<16>    |   19.124|
Immed<4>       |ALU_out<17>    |   19.683|
Immed<4>       |ALU_out<18>    |   19.858|
Immed<4>       |ALU_out<19>    |   19.765|
Immed<4>       |ALU_out<20>    |   18.776|
Immed<4>       |ALU_out<21>    |   18.937|
Immed<4>       |ALU_out<22>    |   20.147|
Immed<4>       |ALU_out<23>    |   18.989|
Immed<4>       |ALU_out<24>    |   19.395|
Immed<4>       |ALU_out<25>    |   19.079|
Immed<4>       |ALU_out<26>    |   19.711|
Immed<4>       |ALU_out<27>    |   19.169|
Immed<4>       |ALU_out<28>    |   19.627|
Immed<4>       |ALU_out<29>    |   19.098|
Immed<4>       |ALU_out<30>    |   19.038|
Immed<4>       |ALU_out<31>    |   20.240|
Immed<4>       |Zero           |   25.280|
Immed<5>       |ALU_out<5>     |   17.046|
Immed<5>       |ALU_out<6>     |   17.784|
Immed<5>       |ALU_out<7>     |   17.789|
Immed<5>       |ALU_out<8>     |   18.333|
Immed<5>       |ALU_out<9>     |   18.717|
Immed<5>       |ALU_out<10>    |   17.774|
Immed<5>       |ALU_out<11>    |   18.540|
Immed<5>       |ALU_out<12>    |   18.211|
Immed<5>       |ALU_out<13>    |   18.257|
Immed<5>       |ALU_out<14>    |   17.861|
Immed<5>       |ALU_out<15>    |   18.735|
Immed<5>       |ALU_out<16>    |   19.027|
Immed<5>       |ALU_out<17>    |   19.586|
Immed<5>       |ALU_out<18>    |   19.761|
Immed<5>       |ALU_out<19>    |   19.668|
Immed<5>       |ALU_out<20>    |   18.679|
Immed<5>       |ALU_out<21>    |   18.840|
Immed<5>       |ALU_out<22>    |   20.050|
Immed<5>       |ALU_out<23>    |   18.892|
Immed<5>       |ALU_out<24>    |   19.298|
Immed<5>       |ALU_out<25>    |   18.982|
Immed<5>       |ALU_out<26>    |   19.614|
Immed<5>       |ALU_out<27>    |   19.072|
Immed<5>       |ALU_out<28>    |   19.530|
Immed<5>       |ALU_out<29>    |   19.001|
Immed<5>       |ALU_out<30>    |   18.941|
Immed<5>       |ALU_out<31>    |   20.143|
Immed<5>       |Zero           |   25.183|
Immed<6>       |ALU_out<6>     |   16.498|
Immed<6>       |ALU_out<7>     |   16.775|
Immed<6>       |ALU_out<8>     |   17.545|
Immed<6>       |ALU_out<9>     |   17.929|
Immed<6>       |ALU_out<10>    |   17.084|
Immed<6>       |ALU_out<11>    |   17.850|
Immed<6>       |ALU_out<12>    |   17.583|
Immed<6>       |ALU_out<13>    |   17.706|
Immed<6>       |ALU_out<14>    |   17.310|
Immed<6>       |ALU_out<15>    |   18.184|
Immed<6>       |ALU_out<16>    |   18.476|
Immed<6>       |ALU_out<17>    |   19.035|
Immed<6>       |ALU_out<18>    |   19.210|
Immed<6>       |ALU_out<19>    |   19.117|
Immed<6>       |ALU_out<20>    |   18.128|
Immed<6>       |ALU_out<21>    |   18.289|
Immed<6>       |ALU_out<22>    |   19.499|
Immed<6>       |ALU_out<23>    |   18.341|
Immed<6>       |ALU_out<24>    |   18.747|
Immed<6>       |ALU_out<25>    |   18.431|
Immed<6>       |ALU_out<26>    |   19.063|
Immed<6>       |ALU_out<27>    |   18.521|
Immed<6>       |ALU_out<28>    |   18.979|
Immed<6>       |ALU_out<29>    |   18.450|
Immed<6>       |ALU_out<30>    |   18.390|
Immed<6>       |ALU_out<31>    |   19.592|
Immed<6>       |Zero           |   24.632|
Immed<7>       |ALU_out<7>     |   16.093|
Immed<7>       |ALU_out<8>     |   16.863|
Immed<7>       |ALU_out<9>     |   17.281|
Immed<7>       |ALU_out<10>    |   16.619|
Immed<7>       |ALU_out<11>    |   17.385|
Immed<7>       |ALU_out<12>    |   17.118|
Immed<7>       |ALU_out<13>    |   17.241|
Immed<7>       |ALU_out<14>    |   16.845|
Immed<7>       |ALU_out<15>    |   17.719|
Immed<7>       |ALU_out<16>    |   18.011|
Immed<7>       |ALU_out<17>    |   18.570|
Immed<7>       |ALU_out<18>    |   18.745|
Immed<7>       |ALU_out<19>    |   18.652|
Immed<7>       |ALU_out<20>    |   17.663|
Immed<7>       |ALU_out<21>    |   17.824|
Immed<7>       |ALU_out<22>    |   19.034|
Immed<7>       |ALU_out<23>    |   17.876|
Immed<7>       |ALU_out<24>    |   18.282|
Immed<7>       |ALU_out<25>    |   17.966|
Immed<7>       |ALU_out<26>    |   18.598|
Immed<7>       |ALU_out<27>    |   18.056|
Immed<7>       |ALU_out<28>    |   18.514|
Immed<7>       |ALU_out<29>    |   17.985|
Immed<7>       |ALU_out<30>    |   17.925|
Immed<7>       |ALU_out<31>    |   19.127|
Immed<7>       |Zero           |   24.167|
Immed<8>       |ALU_out<8>     |   15.995|
Immed<8>       |ALU_out<9>     |   16.530|
Immed<8>       |ALU_out<10>    |   16.019|
Immed<8>       |ALU_out<11>    |   16.785|
Immed<8>       |ALU_out<12>    |   16.755|
Immed<8>       |ALU_out<13>    |   16.878|
Immed<8>       |ALU_out<14>    |   16.482|
Immed<8>       |ALU_out<15>    |   17.356|
Immed<8>       |ALU_out<16>    |   17.648|
Immed<8>       |ALU_out<17>    |   18.207|
Immed<8>       |ALU_out<18>    |   18.382|
Immed<8>       |ALU_out<19>    |   18.289|
Immed<8>       |ALU_out<20>    |   17.300|
Immed<8>       |ALU_out<21>    |   17.461|
Immed<8>       |ALU_out<22>    |   18.671|
Immed<8>       |ALU_out<23>    |   17.513|
Immed<8>       |ALU_out<24>    |   17.919|
Immed<8>       |ALU_out<25>    |   17.603|
Immed<8>       |ALU_out<26>    |   18.235|
Immed<8>       |ALU_out<27>    |   17.693|
Immed<8>       |ALU_out<28>    |   18.151|
Immed<8>       |ALU_out<29>    |   17.622|
Immed<8>       |ALU_out<30>    |   17.562|
Immed<8>       |ALU_out<31>    |   18.764|
Immed<8>       |Zero           |   23.804|
Immed<9>       |ALU_out<9>     |   16.339|
Immed<9>       |ALU_out<10>    |   15.850|
Immed<9>       |ALU_out<11>    |   16.632|
Immed<9>       |ALU_out<12>    |   16.803|
Immed<9>       |ALU_out<13>    |   16.926|
Immed<9>       |ALU_out<14>    |   16.530|
Immed<9>       |ALU_out<15>    |   17.404|
Immed<9>       |ALU_out<16>    |   17.696|
Immed<9>       |ALU_out<17>    |   18.255|
Immed<9>       |ALU_out<18>    |   18.430|
Immed<9>       |ALU_out<19>    |   18.337|
Immed<9>       |ALU_out<20>    |   17.348|
Immed<9>       |ALU_out<21>    |   17.509|
Immed<9>       |ALU_out<22>    |   18.719|
Immed<9>       |ALU_out<23>    |   17.561|
Immed<9>       |ALU_out<24>    |   17.967|
Immed<9>       |ALU_out<25>    |   17.651|
Immed<9>       |ALU_out<26>    |   18.283|
Immed<9>       |ALU_out<27>    |   17.741|
Immed<9>       |ALU_out<28>    |   18.199|
Immed<9>       |ALU_out<29>    |   17.670|
Immed<9>       |ALU_out<30>    |   17.610|
Immed<9>       |ALU_out<31>    |   18.812|
Immed<9>       |Zero           |   23.852|
Immed<10>      |ALU_out<10>    |   15.087|
Immed<10>      |ALU_out<11>    |   16.249|
Immed<10>      |ALU_out<12>    |   16.657|
Immed<10>      |ALU_out<13>    |   16.780|
Immed<10>      |ALU_out<14>    |   16.384|
Immed<10>      |ALU_out<15>    |   17.258|
Immed<10>      |ALU_out<16>    |   17.550|
Immed<10>      |ALU_out<17>    |   18.109|
Immed<10>      |ALU_out<18>    |   18.284|
Immed<10>      |ALU_out<19>    |   18.191|
Immed<10>      |ALU_out<20>    |   17.202|
Immed<10>      |ALU_out<21>    |   17.363|
Immed<10>      |ALU_out<22>    |   18.573|
Immed<10>      |ALU_out<23>    |   17.415|
Immed<10>      |ALU_out<24>    |   17.821|
Immed<10>      |ALU_out<25>    |   17.505|
Immed<10>      |ALU_out<26>    |   18.137|
Immed<10>      |ALU_out<27>    |   17.595|
Immed<10>      |ALU_out<28>    |   18.053|
Immed<10>      |ALU_out<29>    |   17.524|
Immed<10>      |ALU_out<30>    |   17.464|
Immed<10>      |ALU_out<31>    |   18.666|
Immed<10>      |Zero           |   23.706|
Immed<11>      |ALU_out<11>    |   16.431|
Immed<11>      |ALU_out<12>    |   17.056|
Immed<11>      |ALU_out<13>    |   17.179|
Immed<11>      |ALU_out<14>    |   16.783|
Immed<11>      |ALU_out<15>    |   17.657|
Immed<11>      |ALU_out<16>    |   17.949|
Immed<11>      |ALU_out<17>    |   18.508|
Immed<11>      |ALU_out<18>    |   18.683|
Immed<11>      |ALU_out<19>    |   18.590|
Immed<11>      |ALU_out<20>    |   17.601|
Immed<11>      |ALU_out<21>    |   17.762|
Immed<11>      |ALU_out<22>    |   18.972|
Immed<11>      |ALU_out<23>    |   17.814|
Immed<11>      |ALU_out<24>    |   18.220|
Immed<11>      |ALU_out<25>    |   17.904|
Immed<11>      |ALU_out<26>    |   18.536|
Immed<11>      |ALU_out<27>    |   17.994|
Immed<11>      |ALU_out<28>    |   18.452|
Immed<11>      |ALU_out<29>    |   17.923|
Immed<11>      |ALU_out<30>    |   17.863|
Immed<11>      |ALU_out<31>    |   19.065|
Immed<11>      |Zero           |   24.105|
Immed<12>      |ALU_out<12>    |   15.883|
Immed<12>      |ALU_out<13>    |   16.006|
Immed<12>      |ALU_out<14>    |   15.669|
Immed<12>      |ALU_out<15>    |   16.872|
Immed<12>      |ALU_out<16>    |   17.164|
Immed<12>      |ALU_out<17>    |   17.723|
Immed<12>      |ALU_out<18>    |   17.898|
Immed<12>      |ALU_out<19>    |   17.805|
Immed<12>      |ALU_out<20>    |   16.816|
Immed<12>      |ALU_out<21>    |   16.977|
Immed<12>      |ALU_out<22>    |   18.187|
Immed<12>      |ALU_out<23>    |   17.029|
Immed<12>      |ALU_out<24>    |   17.435|
Immed<12>      |ALU_out<25>    |   17.119|
Immed<12>      |ALU_out<26>    |   17.751|
Immed<12>      |ALU_out<27>    |   17.209|
Immed<12>      |ALU_out<28>    |   17.667|
Immed<12>      |ALU_out<29>    |   17.138|
Immed<12>      |ALU_out<30>    |   17.078|
Immed<12>      |ALU_out<31>    |   18.280|
Immed<12>      |Zero           |   23.320|
Immed<13>      |ALU_out<13>    |   15.664|
Immed<13>      |ALU_out<14>    |   15.485|
Immed<13>      |ALU_out<15>    |   16.905|
Immed<13>      |ALU_out<16>    |   17.197|
Immed<13>      |ALU_out<17>    |   17.756|
Immed<13>      |ALU_out<18>    |   17.931|
Immed<13>      |ALU_out<19>    |   17.838|
Immed<13>      |ALU_out<20>    |   16.849|
Immed<13>      |ALU_out<21>    |   17.010|
Immed<13>      |ALU_out<22>    |   18.220|
Immed<13>      |ALU_out<23>    |   17.062|
Immed<13>      |ALU_out<24>    |   17.468|
Immed<13>      |ALU_out<25>    |   17.152|
Immed<13>      |ALU_out<26>    |   17.784|
Immed<13>      |ALU_out<27>    |   17.242|
Immed<13>      |ALU_out<28>    |   17.700|
Immed<13>      |ALU_out<29>    |   17.171|
Immed<13>      |ALU_out<30>    |   17.111|
Immed<13>      |ALU_out<31>    |   18.313|
Immed<13>      |Zero           |   23.353|
Immed<14>      |ALU_out<14>    |   15.350|
Immed<14>      |ALU_out<15>    |   17.107|
Immed<14>      |ALU_out<16>    |   17.399|
Immed<14>      |ALU_out<17>    |   17.958|
Immed<14>      |ALU_out<18>    |   18.133|
Immed<14>      |ALU_out<19>    |   18.040|
Immed<14>      |ALU_out<20>    |   17.051|
Immed<14>      |ALU_out<21>    |   17.212|
Immed<14>      |ALU_out<22>    |   18.422|
Immed<14>      |ALU_out<23>    |   17.410|
Immed<14>      |ALU_out<24>    |   17.907|
Immed<14>      |ALU_out<25>    |   17.591|
Immed<14>      |ALU_out<26>    |   18.223|
Immed<14>      |ALU_out<27>    |   17.681|
Immed<14>      |ALU_out<28>    |   18.139|
Immed<14>      |ALU_out<29>    |   17.610|
Immed<14>      |ALU_out<30>    |   17.550|
Immed<14>      |ALU_out<31>    |   18.752|
Immed<14>      |Zero           |   23.792|
Immed<15>      |ALU_out<15>    |   16.800|
Immed<15>      |ALU_out<16>    |   17.092|
Immed<15>      |ALU_out<17>    |   17.651|
Immed<15>      |ALU_out<18>    |   17.826|
Immed<15>      |ALU_out<19>    |   17.733|
Immed<15>      |ALU_out<20>    |   16.875|
Immed<15>      |ALU_out<21>    |   17.036|
Immed<15>      |ALU_out<22>    |   18.324|
Immed<15>      |ALU_out<23>    |   17.320|
Immed<15>      |ALU_out<24>    |   17.817|
Immed<15>      |ALU_out<25>    |   17.501|
Immed<15>      |ALU_out<26>    |   18.133|
Immed<15>      |ALU_out<27>    |   17.591|
Immed<15>      |ALU_out<28>    |   18.049|
Immed<15>      |ALU_out<29>    |   17.520|
Immed<15>      |ALU_out<30>    |   17.460|
Immed<15>      |ALU_out<31>    |   18.662|
Immed<15>      |Zero           |   23.702|
Immed<16>      |ALU_out<16>    |   14.521|
Immed<16>      |ALU_out<17>    |   16.096|
Immed<16>      |ALU_out<18>    |   16.725|
Immed<16>      |ALU_out<19>    |   16.693|
Immed<16>      |ALU_out<20>    |   16.158|
Immed<16>      |ALU_out<21>    |   16.319|
Immed<16>      |ALU_out<22>    |   17.607|
Immed<16>      |ALU_out<23>    |   16.603|
Immed<16>      |ALU_out<24>    |   17.100|
Immed<16>      |ALU_out<25>    |   16.784|
Immed<16>      |ALU_out<26>    |   17.416|
Immed<16>      |ALU_out<27>    |   16.874|
Immed<16>      |ALU_out<28>    |   17.332|
Immed<16>      |ALU_out<29>    |   16.803|
Immed<16>      |ALU_out<30>    |   16.743|
Immed<16>      |ALU_out<31>    |   17.945|
Immed<16>      |Zero           |   22.985|
Immed<17>      |ALU_out<17>    |   16.076|
Immed<17>      |ALU_out<18>    |   16.705|
Immed<17>      |ALU_out<19>    |   16.890|
Immed<17>      |ALU_out<20>    |   16.355|
Immed<17>      |ALU_out<21>    |   16.516|
Immed<17>      |ALU_out<22>    |   17.804|
Immed<17>      |ALU_out<23>    |   16.800|
Immed<17>      |ALU_out<24>    |   17.297|
Immed<17>      |ALU_out<25>    |   16.981|
Immed<17>      |ALU_out<26>    |   17.613|
Immed<17>      |ALU_out<27>    |   17.071|
Immed<17>      |ALU_out<28>    |   17.529|
Immed<17>      |ALU_out<29>    |   17.000|
Immed<17>      |ALU_out<30>    |   16.940|
Immed<17>      |ALU_out<31>    |   18.142|
Immed<17>      |Zero           |   23.182|
Immed<18>      |ALU_out<18>    |   15.379|
Immed<18>      |ALU_out<19>    |   16.275|
Immed<18>      |ALU_out<20>    |   15.740|
Immed<18>      |ALU_out<21>    |   15.901|
Immed<18>      |ALU_out<22>    |   17.426|
Immed<18>      |ALU_out<23>    |   16.422|
Immed<18>      |ALU_out<24>    |   16.919|
Immed<18>      |ALU_out<25>    |   16.603|
Immed<18>      |ALU_out<26>    |   17.235|
Immed<18>      |ALU_out<27>    |   16.693|
Immed<18>      |ALU_out<28>    |   17.151|
Immed<18>      |ALU_out<29>    |   16.622|
Immed<18>      |ALU_out<30>    |   16.562|
Immed<18>      |ALU_out<31>    |   17.764|
Immed<18>      |Zero           |   22.804|
Immed<19>      |ALU_out<19>    |   16.072|
Immed<19>      |ALU_out<20>    |   15.537|
Immed<19>      |ALU_out<21>    |   15.776|
Immed<19>      |ALU_out<22>    |   17.440|
Immed<19>      |ALU_out<23>    |   16.436|
Immed<19>      |ALU_out<24>    |   16.933|
Immed<19>      |ALU_out<25>    |   16.617|
Immed<19>      |ALU_out<26>    |   17.249|
Immed<19>      |ALU_out<27>    |   16.707|
Immed<19>      |ALU_out<28>    |   17.165|
Immed<19>      |ALU_out<29>    |   16.636|
Immed<19>      |ALU_out<30>    |   16.576|
Immed<19>      |ALU_out<31>    |   17.778|
Immed<19>      |Zero           |   22.818|
Immed<20>      |ALU_out<20>    |   14.113|
Immed<20>      |ALU_out<21>    |   15.374|
Immed<20>      |ALU_out<22>    |   17.038|
Immed<20>      |ALU_out<23>    |   16.271|
Immed<20>      |ALU_out<24>    |   16.768|
Immed<20>      |ALU_out<25>    |   16.452|
Immed<20>      |ALU_out<26>    |   17.084|
Immed<20>      |ALU_out<27>    |   16.542|
Immed<20>      |ALU_out<28>    |   17.000|
Immed<20>      |ALU_out<29>    |   16.471|
Immed<20>      |ALU_out<30>    |   16.411|
Immed<20>      |ALU_out<31>    |   17.613|
Immed<20>      |Zero           |   22.653|
Immed<21>      |ALU_out<21>    |   15.217|
Immed<21>      |ALU_out<22>    |   16.881|
Immed<21>      |ALU_out<23>    |   16.331|
Immed<21>      |ALU_out<24>    |   16.828|
Immed<21>      |ALU_out<25>    |   16.512|
Immed<21>      |ALU_out<26>    |   17.144|
Immed<21>      |ALU_out<27>    |   16.602|
Immed<21>      |ALU_out<28>    |   17.060|
Immed<21>      |ALU_out<29>    |   16.531|
Immed<21>      |ALU_out<30>    |   16.471|
Immed<21>      |ALU_out<31>    |   17.673|
Immed<21>      |Zero           |   22.713|
Immed<22>      |ALU_out<22>    |   15.910|
Immed<22>      |ALU_out<23>    |   16.144|
Immed<22>      |ALU_out<24>    |   16.641|
Immed<22>      |ALU_out<25>    |   16.325|
Immed<22>      |ALU_out<26>    |   16.957|
Immed<22>      |ALU_out<27>    |   16.415|
Immed<22>      |ALU_out<28>    |   16.873|
Immed<22>      |ALU_out<29>    |   16.344|
Immed<22>      |ALU_out<30>    |   16.284|
Immed<22>      |ALU_out<31>    |   17.486|
Immed<22>      |Zero           |   22.526|
Immed<23>      |ALU_out<23>    |   15.653|
Immed<23>      |ALU_out<24>    |   16.150|
Immed<23>      |ALU_out<25>    |   15.834|
Immed<23>      |ALU_out<26>    |   16.466|
Immed<23>      |ALU_out<27>    |   15.924|
Immed<23>      |ALU_out<28>    |   16.382|
Immed<23>      |ALU_out<29>    |   15.853|
Immed<23>      |ALU_out<30>    |   15.869|
Immed<23>      |ALU_out<31>    |   17.071|
Immed<23>      |Zero           |   22.035|
Immed<24>      |ALU_out<24>    |   15.043|
Immed<24>      |ALU_out<25>    |   14.878|
Immed<24>      |ALU_out<26>    |   15.747|
Immed<24>      |ALU_out<27>    |   15.205|
Immed<24>      |ALU_out<28>    |   15.699|
Immed<24>      |ALU_out<29>    |   15.572|
Immed<24>      |ALU_out<30>    |   15.966|
Immed<24>      |ALU_out<31>    |   17.168|
Immed<24>      |Zero           |   20.970|
Immed<25>      |ALU_out<25>    |   13.262|
Immed<25>      |ALU_out<26>    |   14.599|
Immed<25>      |ALU_out<27>    |   14.208|
Immed<25>      |ALU_out<28>    |   15.104|
Immed<25>      |ALU_out<29>    |   14.977|
Immed<25>      |ALU_out<30>    |   15.371|
Immed<25>      |ALU_out<31>    |   16.573|
Immed<25>      |Zero           |   20.375|
Immed<26>      |ALU_out<26>    |   14.405|
Immed<26>      |ALU_out<27>    |   14.149|
Immed<26>      |ALU_out<28>    |   15.061|
Immed<26>      |ALU_out<29>    |   15.171|
Immed<26>      |ALU_out<30>    |   15.565|
Immed<26>      |ALU_out<31>    |   16.767|
Immed<26>      |Zero           |   20.569|
Immed<27>      |ALU_out<27>    |   14.300|
Immed<27>      |ALU_out<28>    |   15.212|
Immed<27>      |ALU_out<29>    |   15.539|
Immed<27>      |ALU_out<30>    |   15.933|
Immed<27>      |ALU_out<31>    |   17.135|
Immed<27>      |Zero           |   20.937|
Immed<28>      |ALU_out<28>    |   14.513|
Immed<28>      |ALU_out<29>    |   15.128|
Immed<28>      |ALU_out<30>    |   15.522|
Immed<28>      |ALU_out<31>    |   16.724|
Immed<28>      |Zero           |   20.526|
Immed<29>      |ALU_out<29>    |   14.790|
Immed<29>      |ALU_out<30>    |   15.184|
Immed<29>      |ALU_out<31>    |   16.386|
Immed<29>      |Zero           |   20.188|
Immed<30>      |ALU_out<30>    |   13.416|
Immed<30>      |ALU_out<31>    |   14.880|
Immed<30>      |Zero           |   18.682|
Immed<31>      |ALU_out<31>    |   15.226|
Immed<31>      |Zero           |   19.028|
RF_A<0>        |ALU_out<0>     |   14.916|
RF_A<0>        |ALU_out<1>     |   15.022|
RF_A<0>        |ALU_out<2>     |   15.770|
RF_A<0>        |ALU_out<3>     |   15.935|
RF_A<0>        |ALU_out<4>     |   15.003|
RF_A<0>        |ALU_out<5>     |   15.019|
RF_A<0>        |ALU_out<6>     |   15.303|
RF_A<0>        |ALU_out<7>     |   15.308|
RF_A<0>        |ALU_out<8>     |   15.624|
RF_A<0>        |ALU_out<9>     |   16.008|
RF_A<0>        |ALU_out<10>    |   15.065|
RF_A<0>        |ALU_out<11>    |   15.831|
RF_A<0>        |ALU_out<12>    |   15.502|
RF_A<0>        |ALU_out<13>    |   15.474|
RF_A<0>        |ALU_out<14>    |   14.841|
RF_A<0>        |ALU_out<15>    |   15.328|
RF_A<0>        |ALU_out<16>    |   15.166|
RF_A<0>        |ALU_out<17>    |   15.725|
RF_A<0>        |ALU_out<18>    |   15.900|
RF_A<0>        |ALU_out<19>    |   15.807|
RF_A<0>        |ALU_out<20>    |   14.818|
RF_A<0>        |ALU_out<21>    |   14.979|
RF_A<0>        |ALU_out<22>    |   16.189|
RF_A<0>        |ALU_out<23>    |   15.031|
RF_A<0>        |ALU_out<24>    |   15.074|
RF_A<0>        |ALU_out<25>    |   14.758|
RF_A<0>        |ALU_out<26>    |   15.390|
RF_A<0>        |ALU_out<27>    |   14.848|
RF_A<0>        |ALU_out<28>    |   15.306|
RF_A<0>        |ALU_out<29>    |   14.777|
RF_A<0>        |ALU_out<30>    |   14.717|
RF_A<0>        |ALU_out<31>    |   15.919|
RF_A<0>        |Zero           |   20.959|
RF_A<1>        |ALU_out<0>     |   12.658|
RF_A<1>        |ALU_out<1>     |   14.895|
RF_A<1>        |ALU_out<2>     |   15.860|
RF_A<1>        |ALU_out<3>     |   16.025|
RF_A<1>        |ALU_out<4>     |   15.093|
RF_A<1>        |ALU_out<5>     |   15.109|
RF_A<1>        |ALU_out<6>     |   15.393|
RF_A<1>        |ALU_out<7>     |   15.398|
RF_A<1>        |ALU_out<8>     |   15.714|
RF_A<1>        |ALU_out<9>     |   16.098|
RF_A<1>        |ALU_out<10>    |   15.155|
RF_A<1>        |ALU_out<11>    |   15.921|
RF_A<1>        |ALU_out<12>    |   15.592|
RF_A<1>        |ALU_out<13>    |   15.564|
RF_A<1>        |ALU_out<14>    |   14.931|
RF_A<1>        |ALU_out<15>    |   15.418|
RF_A<1>        |ALU_out<16>    |   15.256|
RF_A<1>        |ALU_out<17>    |   15.815|
RF_A<1>        |ALU_out<18>    |   15.990|
RF_A<1>        |ALU_out<19>    |   15.897|
RF_A<1>        |ALU_out<20>    |   14.908|
RF_A<1>        |ALU_out<21>    |   15.069|
RF_A<1>        |ALU_out<22>    |   16.279|
RF_A<1>        |ALU_out<23>    |   15.121|
RF_A<1>        |ALU_out<24>    |   15.164|
RF_A<1>        |ALU_out<25>    |   14.848|
RF_A<1>        |ALU_out<26>    |   15.480|
RF_A<1>        |ALU_out<27>    |   14.938|
RF_A<1>        |ALU_out<28>    |   15.396|
RF_A<1>        |ALU_out<29>    |   14.867|
RF_A<1>        |ALU_out<30>    |   14.807|
RF_A<1>        |ALU_out<31>    |   16.009|
RF_A<1>        |Zero           |   21.049|
RF_A<2>        |ALU_out<1>     |    9.806|
RF_A<2>        |ALU_out<2>     |   15.413|
RF_A<2>        |ALU_out<3>     |   15.729|
RF_A<2>        |ALU_out<4>     |   15.034|
RF_A<2>        |ALU_out<5>     |   15.050|
RF_A<2>        |ALU_out<6>     |   15.334|
RF_A<2>        |ALU_out<7>     |   15.339|
RF_A<2>        |ALU_out<8>     |   15.655|
RF_A<2>        |ALU_out<9>     |   16.039|
RF_A<2>        |ALU_out<10>    |   15.096|
RF_A<2>        |ALU_out<11>    |   15.862|
RF_A<2>        |ALU_out<12>    |   15.533|
RF_A<2>        |ALU_out<13>    |   15.505|
RF_A<2>        |ALU_out<14>    |   14.872|
RF_A<2>        |ALU_out<15>    |   15.359|
RF_A<2>        |ALU_out<16>    |   15.197|
RF_A<2>        |ALU_out<17>    |   15.756|
RF_A<2>        |ALU_out<18>    |   15.931|
RF_A<2>        |ALU_out<19>    |   15.838|
RF_A<2>        |ALU_out<20>    |   14.849|
RF_A<2>        |ALU_out<21>    |   15.010|
RF_A<2>        |ALU_out<22>    |   16.220|
RF_A<2>        |ALU_out<23>    |   15.062|
RF_A<2>        |ALU_out<24>    |   15.105|
RF_A<2>        |ALU_out<25>    |   14.789|
RF_A<2>        |ALU_out<26>    |   15.421|
RF_A<2>        |ALU_out<27>    |   14.879|
RF_A<2>        |ALU_out<28>    |   15.337|
RF_A<2>        |ALU_out<29>    |   14.808|
RF_A<2>        |ALU_out<30>    |   14.748|
RF_A<2>        |ALU_out<31>    |   15.950|
RF_A<2>        |Zero           |   20.990|
RF_A<3>        |ALU_out<2>     |   10.187|
RF_A<3>        |ALU_out<3>     |   14.024|
RF_A<3>        |ALU_out<4>     |   13.546|
RF_A<3>        |ALU_out<5>     |   13.562|
RF_A<3>        |ALU_out<6>     |   13.846|
RF_A<3>        |ALU_out<7>     |   13.851|
RF_A<3>        |ALU_out<8>     |   14.167|
RF_A<3>        |ALU_out<9>     |   14.551|
RF_A<3>        |ALU_out<10>    |   13.608|
RF_A<3>        |ALU_out<11>    |   14.374|
RF_A<3>        |ALU_out<12>    |   14.045|
RF_A<3>        |ALU_out<13>    |   14.017|
RF_A<3>        |ALU_out<14>    |   13.384|
RF_A<3>        |ALU_out<15>    |   13.871|
RF_A<3>        |ALU_out<16>    |   13.709|
RF_A<3>        |ALU_out<17>    |   14.268|
RF_A<3>        |ALU_out<18>    |   14.443|
RF_A<3>        |ALU_out<19>    |   14.350|
RF_A<3>        |ALU_out<20>    |   13.361|
RF_A<3>        |ALU_out<21>    |   13.522|
RF_A<3>        |ALU_out<22>    |   14.732|
RF_A<3>        |ALU_out<23>    |   13.574|
RF_A<3>        |ALU_out<24>    |   13.617|
RF_A<3>        |ALU_out<25>    |   13.301|
RF_A<3>        |ALU_out<26>    |   13.933|
RF_A<3>        |ALU_out<27>    |   13.391|
RF_A<3>        |ALU_out<28>    |   13.849|
RF_A<3>        |ALU_out<29>    |   13.320|
RF_A<3>        |ALU_out<30>    |   13.260|
RF_A<3>        |ALU_out<31>    |   14.462|
RF_A<3>        |Zero           |   19.502|
RF_A<4>        |ALU_out<3>     |    9.400|
RF_A<4>        |ALU_out<4>     |   14.427|
RF_A<4>        |ALU_out<5>     |   14.594|
RF_A<4>        |ALU_out<6>     |   15.115|
RF_A<4>        |ALU_out<7>     |   15.120|
RF_A<4>        |ALU_out<8>     |   15.436|
RF_A<4>        |ALU_out<9>     |   15.820|
RF_A<4>        |ALU_out<10>    |   14.877|
RF_A<4>        |ALU_out<11>    |   15.643|
RF_A<4>        |ALU_out<12>    |   15.314|
RF_A<4>        |ALU_out<13>    |   15.286|
RF_A<4>        |ALU_out<14>    |   14.653|
RF_A<4>        |ALU_out<15>    |   15.140|
RF_A<4>        |ALU_out<16>    |   14.978|
RF_A<4>        |ALU_out<17>    |   15.537|
RF_A<4>        |ALU_out<18>    |   15.712|
RF_A<4>        |ALU_out<19>    |   15.619|
RF_A<4>        |ALU_out<20>    |   14.630|
RF_A<4>        |ALU_out<21>    |   14.791|
RF_A<4>        |ALU_out<22>    |   16.001|
RF_A<4>        |ALU_out<23>    |   14.843|
RF_A<4>        |ALU_out<24>    |   14.886|
RF_A<4>        |ALU_out<25>    |   14.570|
RF_A<4>        |ALU_out<26>    |   15.202|
RF_A<4>        |ALU_out<27>    |   14.660|
RF_A<4>        |ALU_out<28>    |   15.118|
RF_A<4>        |ALU_out<29>    |   14.589|
RF_A<4>        |ALU_out<30>    |   14.529|
RF_A<4>        |ALU_out<31>    |   15.731|
RF_A<4>        |Zero           |   20.771|
RF_A<5>        |ALU_out<4>     |    9.272|
RF_A<5>        |ALU_out<5>     |   12.973|
RF_A<5>        |ALU_out<6>     |   13.711|
RF_A<5>        |ALU_out<7>     |   13.716|
RF_A<5>        |ALU_out<8>     |   14.032|
RF_A<5>        |ALU_out<9>     |   14.416|
RF_A<5>        |ALU_out<10>    |   13.473|
RF_A<5>        |ALU_out<11>    |   14.239|
RF_A<5>        |ALU_out<12>    |   13.910|
RF_A<5>        |ALU_out<13>    |   13.882|
RF_A<5>        |ALU_out<14>    |   13.249|
RF_A<5>        |ALU_out<15>    |   13.736|
RF_A<5>        |ALU_out<16>    |   13.574|
RF_A<5>        |ALU_out<17>    |   14.133|
RF_A<5>        |ALU_out<18>    |   14.308|
RF_A<5>        |ALU_out<19>    |   14.215|
RF_A<5>        |ALU_out<20>    |   13.226|
RF_A<5>        |ALU_out<21>    |   13.387|
RF_A<5>        |ALU_out<22>    |   14.597|
RF_A<5>        |ALU_out<23>    |   13.439|
RF_A<5>        |ALU_out<24>    |   13.482|
RF_A<5>        |ALU_out<25>    |   13.166|
RF_A<5>        |ALU_out<26>    |   13.798|
RF_A<5>        |ALU_out<27>    |   13.256|
RF_A<5>        |ALU_out<28>    |   13.714|
RF_A<5>        |ALU_out<29>    |   13.185|
RF_A<5>        |ALU_out<30>    |   13.125|
RF_A<5>        |ALU_out<31>    |   14.327|
RF_A<5>        |Zero           |   19.367|
RF_A<6>        |ALU_out<5>     |    9.151|
RF_A<6>        |ALU_out<6>     |   13.897|
RF_A<6>        |ALU_out<7>     |   14.053|
RF_A<6>        |ALU_out<8>     |   14.606|
RF_A<6>        |ALU_out<9>     |   14.990|
RF_A<6>        |ALU_out<10>    |   14.047|
RF_A<6>        |ALU_out<11>    |   14.813|
RF_A<6>        |ALU_out<12>    |   14.484|
RF_A<6>        |ALU_out<13>    |   14.456|
RF_A<6>        |ALU_out<14>    |   13.823|
RF_A<6>        |ALU_out<15>    |   14.310|
RF_A<6>        |ALU_out<16>    |   14.148|
RF_A<6>        |ALU_out<17>    |   14.707|
RF_A<6>        |ALU_out<18>    |   14.882|
RF_A<6>        |ALU_out<19>    |   14.789|
RF_A<6>        |ALU_out<20>    |   13.800|
RF_A<6>        |ALU_out<21>    |   13.961|
RF_A<6>        |ALU_out<22>    |   15.171|
RF_A<6>        |ALU_out<23>    |   14.013|
RF_A<6>        |ALU_out<24>    |   14.056|
RF_A<6>        |ALU_out<25>    |   13.740|
RF_A<6>        |ALU_out<26>    |   14.372|
RF_A<6>        |ALU_out<27>    |   13.830|
RF_A<6>        |ALU_out<28>    |   14.288|
RF_A<6>        |ALU_out<29>    |   13.759|
RF_A<6>        |ALU_out<30>    |   13.699|
RF_A<6>        |ALU_out<31>    |   14.901|
RF_A<6>        |Zero           |   19.941|
RF_A<7>        |ALU_out<6>     |    9.683|
RF_A<7>        |ALU_out<7>     |   13.679|
RF_A<7>        |ALU_out<8>     |   14.449|
RF_A<7>        |ALU_out<9>     |   14.833|
RF_A<7>        |ALU_out<10>    |   13.890|
RF_A<7>        |ALU_out<11>    |   14.656|
RF_A<7>        |ALU_out<12>    |   14.327|
RF_A<7>        |ALU_out<13>    |   14.299|
RF_A<7>        |ALU_out<14>    |   13.666|
RF_A<7>        |ALU_out<15>    |   14.153|
RF_A<7>        |ALU_out<16>    |   13.991|
RF_A<7>        |ALU_out<17>    |   14.550|
RF_A<7>        |ALU_out<18>    |   14.725|
RF_A<7>        |ALU_out<19>    |   14.632|
RF_A<7>        |ALU_out<20>    |   13.643|
RF_A<7>        |ALU_out<21>    |   13.804|
RF_A<7>        |ALU_out<22>    |   15.014|
RF_A<7>        |ALU_out<23>    |   13.856|
RF_A<7>        |ALU_out<24>    |   13.899|
RF_A<7>        |ALU_out<25>    |   13.583|
RF_A<7>        |ALU_out<26>    |   14.215|
RF_A<7>        |ALU_out<27>    |   13.673|
RF_A<7>        |ALU_out<28>    |   14.131|
RF_A<7>        |ALU_out<29>    |   13.602|
RF_A<7>        |ALU_out<30>    |   13.542|
RF_A<7>        |ALU_out<31>    |   14.744|
RF_A<7>        |Zero           |   19.784|
RF_A<8>        |ALU_out<7>     |    9.271|
RF_A<8>        |ALU_out<8>     |   13.743|
RF_A<8>        |ALU_out<9>     |   14.278|
RF_A<8>        |ALU_out<10>    |   13.572|
RF_A<8>        |ALU_out<11>    |   14.338|
RF_A<8>        |ALU_out<12>    |   14.009|
RF_A<8>        |ALU_out<13>    |   13.981|
RF_A<8>        |ALU_out<14>    |   13.348|
RF_A<8>        |ALU_out<15>    |   13.835|
RF_A<8>        |ALU_out<16>    |   13.673|
RF_A<8>        |ALU_out<17>    |   14.232|
RF_A<8>        |ALU_out<18>    |   14.407|
RF_A<8>        |ALU_out<19>    |   14.314|
RF_A<8>        |ALU_out<20>    |   13.325|
RF_A<8>        |ALU_out<21>    |   13.486|
RF_A<8>        |ALU_out<22>    |   14.696|
RF_A<8>        |ALU_out<23>    |   13.538|
RF_A<8>        |ALU_out<24>    |   13.581|
RF_A<8>        |ALU_out<25>    |   13.265|
RF_A<8>        |ALU_out<26>    |   13.897|
RF_A<8>        |ALU_out<27>    |   13.355|
RF_A<8>        |ALU_out<28>    |   13.813|
RF_A<8>        |ALU_out<29>    |   13.284|
RF_A<8>        |ALU_out<30>    |   13.224|
RF_A<8>        |ALU_out<31>    |   14.426|
RF_A<8>        |Zero           |   19.466|
RF_A<9>        |ALU_out<8>     |   11.000|
RF_A<9>        |ALU_out<9>     |   13.584|
RF_A<9>        |ALU_out<10>    |   13.095|
RF_A<9>        |ALU_out<11>    |   13.861|
RF_A<9>        |ALU_out<12>    |   13.532|
RF_A<9>        |ALU_out<13>    |   13.504|
RF_A<9>        |ALU_out<14>    |   12.871|
RF_A<9>        |ALU_out<15>    |   13.358|
RF_A<9>        |ALU_out<16>    |   13.196|
RF_A<9>        |ALU_out<17>    |   13.755|
RF_A<9>        |ALU_out<18>    |   13.930|
RF_A<9>        |ALU_out<19>    |   13.837|
RF_A<9>        |ALU_out<20>    |   12.848|
RF_A<9>        |ALU_out<21>    |   13.009|
RF_A<9>        |ALU_out<22>    |   14.219|
RF_A<9>        |ALU_out<23>    |   13.061|
RF_A<9>        |ALU_out<24>    |   13.104|
RF_A<9>        |ALU_out<25>    |   12.788|
RF_A<9>        |ALU_out<26>    |   13.420|
RF_A<9>        |ALU_out<27>    |   12.878|
RF_A<9>        |ALU_out<28>    |   13.336|
RF_A<9>        |ALU_out<29>    |   12.807|
RF_A<9>        |ALU_out<30>    |   12.747|
RF_A<9>        |ALU_out<31>    |   13.949|
RF_A<9>        |Zero           |   18.989|
RF_A<10>       |ALU_out<9>     |   10.211|
RF_A<10>       |ALU_out<10>    |   12.805|
RF_A<10>       |ALU_out<11>    |   13.722|
RF_A<10>       |ALU_out<12>    |   13.630|
RF_A<10>       |ALU_out<13>    |   13.602|
RF_A<10>       |ALU_out<14>    |   12.969|
RF_A<10>       |ALU_out<15>    |   13.456|
RF_A<10>       |ALU_out<16>    |   13.294|
RF_A<10>       |ALU_out<17>    |   13.853|
RF_A<10>       |ALU_out<18>    |   14.028|
RF_A<10>       |ALU_out<19>    |   13.935|
RF_A<10>       |ALU_out<20>    |   12.946|
RF_A<10>       |ALU_out<21>    |   13.107|
RF_A<10>       |ALU_out<22>    |   14.317|
RF_A<10>       |ALU_out<23>    |   13.159|
RF_A<10>       |ALU_out<24>    |   13.202|
RF_A<10>       |ALU_out<25>    |   12.886|
RF_A<10>       |ALU_out<26>    |   13.518|
RF_A<10>       |ALU_out<27>    |   12.976|
RF_A<10>       |ALU_out<28>    |   13.434|
RF_A<10>       |ALU_out<29>    |   12.905|
RF_A<10>       |ALU_out<30>    |   12.845|
RF_A<10>       |ALU_out<31>    |   14.047|
RF_A<10>       |Zero           |   19.087|
RF_A<11>       |ALU_out<10>    |   11.252|
RF_A<11>       |ALU_out<11>    |   13.928|
RF_A<11>       |ALU_out<12>    |   14.053|
RF_A<11>       |ALU_out<13>    |   14.025|
RF_A<11>       |ALU_out<14>    |   13.392|
RF_A<11>       |ALU_out<15>    |   13.879|
RF_A<11>       |ALU_out<16>    |   13.717|
RF_A<11>       |ALU_out<17>    |   14.276|
RF_A<11>       |ALU_out<18>    |   14.451|
RF_A<11>       |ALU_out<19>    |   14.358|
RF_A<11>       |ALU_out<20>    |   13.369|
RF_A<11>       |ALU_out<21>    |   13.530|
RF_A<11>       |ALU_out<22>    |   14.740|
RF_A<11>       |ALU_out<23>    |   13.582|
RF_A<11>       |ALU_out<24>    |   13.625|
RF_A<11>       |ALU_out<25>    |   13.309|
RF_A<11>       |ALU_out<26>    |   13.941|
RF_A<11>       |ALU_out<27>    |   13.399|
RF_A<11>       |ALU_out<28>    |   13.857|
RF_A<11>       |ALU_out<29>    |   13.328|
RF_A<11>       |ALU_out<30>    |   13.268|
RF_A<11>       |ALU_out<31>    |   14.470|
RF_A<11>       |Zero           |   19.510|
RF_A<12>       |ALU_out<11>    |   11.040|
RF_A<12>       |ALU_out<12>    |   13.159|
RF_A<12>       |ALU_out<13>    |   13.282|
RF_A<12>       |ALU_out<14>    |   12.886|
RF_A<12>       |ALU_out<15>    |   13.373|
RF_A<12>       |ALU_out<16>    |   13.211|
RF_A<12>       |ALU_out<17>    |   13.770|
RF_A<12>       |ALU_out<18>    |   13.945|
RF_A<12>       |ALU_out<19>    |   13.852|
RF_A<12>       |ALU_out<20>    |   12.863|
RF_A<12>       |ALU_out<21>    |   13.024|
RF_A<12>       |ALU_out<22>    |   14.234|
RF_A<12>       |ALU_out<23>    |   13.076|
RF_A<12>       |ALU_out<24>    |   13.119|
RF_A<12>       |ALU_out<25>    |   12.803|
RF_A<12>       |ALU_out<26>    |   13.435|
RF_A<12>       |ALU_out<27>    |   12.893|
RF_A<12>       |ALU_out<28>    |   13.351|
RF_A<12>       |ALU_out<29>    |   12.822|
RF_A<12>       |ALU_out<30>    |   12.762|
RF_A<12>       |ALU_out<31>    |   13.964|
RF_A<12>       |Zero           |   19.004|
RF_A<13>       |ALU_out<12>    |    9.711|
RF_A<13>       |ALU_out<13>    |   12.824|
RF_A<13>       |ALU_out<14>    |   12.645|
RF_A<13>       |ALU_out<15>    |   13.132|
RF_A<13>       |ALU_out<16>    |   12.970|
RF_A<13>       |ALU_out<17>    |   13.529|
RF_A<13>       |ALU_out<18>    |   13.704|
RF_A<13>       |ALU_out<19>    |   13.611|
RF_A<13>       |ALU_out<20>    |   12.622|
RF_A<13>       |ALU_out<21>    |   12.783|
RF_A<13>       |ALU_out<22>    |   13.993|
RF_A<13>       |ALU_out<23>    |   12.835|
RF_A<13>       |ALU_out<24>    |   12.878|
RF_A<13>       |ALU_out<25>    |   12.562|
RF_A<13>       |ALU_out<26>    |   13.194|
RF_A<13>       |ALU_out<27>    |   12.652|
RF_A<13>       |ALU_out<28>    |   13.110|
RF_A<13>       |ALU_out<29>    |   12.581|
RF_A<13>       |ALU_out<30>    |   12.521|
RF_A<13>       |ALU_out<31>    |   13.723|
RF_A<13>       |Zero           |   18.763|
RF_A<14>       |ALU_out<13>    |    9.966|
RF_A<14>       |ALU_out<14>    |   12.485|
RF_A<14>       |ALU_out<15>    |   12.750|
RF_A<14>       |ALU_out<16>    |   12.825|
RF_A<14>       |ALU_out<17>    |   13.384|
RF_A<14>       |ALU_out<18>    |   13.559|
RF_A<14>       |ALU_out<19>    |   13.466|
RF_A<14>       |ALU_out<20>    |   12.477|
RF_A<14>       |ALU_out<21>    |   12.638|
RF_A<14>       |ALU_out<22>    |   13.848|
RF_A<14>       |ALU_out<23>    |   12.690|
RF_A<14>       |ALU_out<24>    |   12.733|
RF_A<14>       |ALU_out<25>    |   12.417|
RF_A<14>       |ALU_out<26>    |   13.049|
RF_A<14>       |ALU_out<27>    |   12.507|
RF_A<14>       |ALU_out<28>    |   12.965|
RF_A<14>       |ALU_out<29>    |   12.436|
RF_A<14>       |ALU_out<30>    |   12.376|
RF_A<14>       |ALU_out<31>    |   13.578|
RF_A<14>       |Zero           |   18.618|
RF_A<15>       |ALU_out<14>    |    9.279|
RF_A<15>       |ALU_out<15>    |   12.944|
RF_A<15>       |ALU_out<16>    |   13.236|
RF_A<15>       |ALU_out<17>    |   13.795|
RF_A<15>       |ALU_out<18>    |   13.970|
RF_A<15>       |ALU_out<19>    |   13.877|
RF_A<15>       |ALU_out<20>    |   12.888|
RF_A<15>       |ALU_out<21>    |   13.049|
RF_A<15>       |ALU_out<22>    |   14.259|
RF_A<15>       |ALU_out<23>    |   13.101|
RF_A<15>       |ALU_out<24>    |   13.144|
RF_A<15>       |ALU_out<25>    |   12.828|
RF_A<15>       |ALU_out<26>    |   13.460|
RF_A<15>       |ALU_out<27>    |   12.918|
RF_A<15>       |ALU_out<28>    |   13.376|
RF_A<15>       |ALU_out<29>    |   12.847|
RF_A<15>       |ALU_out<30>    |   12.787|
RF_A<15>       |ALU_out<31>    |   13.989|
RF_A<15>       |Zero           |   19.029|
RF_A<16>       |ALU_out<15>    |    8.982|
RF_A<16>       |ALU_out<16>    |   11.704|
RF_A<16>       |ALU_out<17>    |   12.414|
RF_A<16>       |ALU_out<18>    |   12.826|
RF_A<16>       |ALU_out<19>    |   12.733|
RF_A<16>       |ALU_out<20>    |   11.744|
RF_A<16>       |ALU_out<21>    |   11.905|
RF_A<16>       |ALU_out<22>    |   13.115|
RF_A<16>       |ALU_out<23>    |   11.957|
RF_A<16>       |ALU_out<24>    |   12.000|
RF_A<16>       |ALU_out<25>    |   11.684|
RF_A<16>       |ALU_out<26>    |   12.316|
RF_A<16>       |ALU_out<27>    |   11.774|
RF_A<16>       |ALU_out<28>    |   12.232|
RF_A<16>       |ALU_out<29>    |   11.703|
RF_A<16>       |ALU_out<30>    |   11.643|
RF_A<16>       |ALU_out<31>    |   12.845|
RF_A<16>       |Zero           |   17.885|
RF_A<17>       |ALU_out<16>    |    9.500|
RF_A<17>       |ALU_out<17>    |   12.628|
RF_A<17>       |ALU_out<18>    |   13.257|
RF_A<17>       |ALU_out<19>    |   13.164|
RF_A<17>       |ALU_out<20>    |   12.175|
RF_A<17>       |ALU_out<21>    |   12.336|
RF_A<17>       |ALU_out<22>    |   13.546|
RF_A<17>       |ALU_out<23>    |   12.388|
RF_A<17>       |ALU_out<24>    |   12.431|
RF_A<17>       |ALU_out<25>    |   12.115|
RF_A<17>       |ALU_out<26>    |   12.747|
RF_A<17>       |ALU_out<27>    |   12.205|
RF_A<17>       |ALU_out<28>    |   12.663|
RF_A<17>       |ALU_out<29>    |   12.134|
RF_A<17>       |ALU_out<30>    |   12.074|
RF_A<17>       |ALU_out<31>    |   13.276|
RF_A<17>       |Zero           |   18.316|
RF_A<18>       |ALU_out<17>    |    9.963|
RF_A<18>       |ALU_out<18>    |   13.212|
RF_A<18>       |ALU_out<19>    |   13.270|
RF_A<18>       |ALU_out<20>    |   12.518|
RF_A<18>       |ALU_out<21>    |   12.679|
RF_A<18>       |ALU_out<22>    |   13.889|
RF_A<18>       |ALU_out<23>    |   12.731|
RF_A<18>       |ALU_out<24>    |   12.774|
RF_A<18>       |ALU_out<25>    |   12.458|
RF_A<18>       |ALU_out<26>    |   13.090|
RF_A<18>       |ALU_out<27>    |   12.548|
RF_A<18>       |ALU_out<28>    |   13.006|
RF_A<18>       |ALU_out<29>    |   12.477|
RF_A<18>       |ALU_out<30>    |   12.417|
RF_A<18>       |ALU_out<31>    |   13.619|
RF_A<18>       |Zero           |   18.659|
RF_A<19>       |ALU_out<18>    |    8.174|
RF_A<19>       |ALU_out<19>    |   12.934|
RF_A<19>       |ALU_out<20>    |   12.399|
RF_A<19>       |ALU_out<21>    |   12.560|
RF_A<19>       |ALU_out<22>    |   13.770|
RF_A<19>       |ALU_out<23>    |   12.612|
RF_A<19>       |ALU_out<24>    |   12.655|
RF_A<19>       |ALU_out<25>    |   12.339|
RF_A<19>       |ALU_out<26>    |   12.971|
RF_A<19>       |ALU_out<27>    |   12.429|
RF_A<19>       |ALU_out<28>    |   12.887|
RF_A<19>       |ALU_out<29>    |   12.358|
RF_A<19>       |ALU_out<30>    |   12.298|
RF_A<19>       |ALU_out<31>    |   13.500|
RF_A<19>       |Zero           |   18.540|
RF_A<20>       |ALU_out<19>    |    9.355|
RF_A<20>       |ALU_out<20>    |   11.505|
RF_A<20>       |ALU_out<21>    |   11.801|
RF_A<20>       |ALU_out<22>    |   13.248|
RF_A<20>       |ALU_out<23>    |   12.090|
RF_A<20>       |ALU_out<24>    |   12.133|
RF_A<20>       |ALU_out<25>    |   11.817|
RF_A<20>       |ALU_out<26>    |   12.449|
RF_A<20>       |ALU_out<27>    |   11.907|
RF_A<20>       |ALU_out<28>    |   12.365|
RF_A<20>       |ALU_out<29>    |   11.836|
RF_A<20>       |ALU_out<30>    |   11.776|
RF_A<20>       |ALU_out<31>    |   12.978|
RF_A<20>       |Zero           |   18.018|
RF_A<21>       |ALU_out<20>    |    9.041|
RF_A<21>       |ALU_out<21>    |   11.961|
RF_A<21>       |ALU_out<22>    |   13.625|
RF_A<21>       |ALU_out<23>    |   12.467|
RF_A<21>       |ALU_out<24>    |   12.510|
RF_A<21>       |ALU_out<25>    |   12.194|
RF_A<21>       |ALU_out<26>    |   12.826|
RF_A<21>       |ALU_out<27>    |   12.284|
RF_A<21>       |ALU_out<28>    |   12.742|
RF_A<21>       |ALU_out<29>    |   12.213|
RF_A<21>       |ALU_out<30>    |   12.153|
RF_A<21>       |ALU_out<31>    |   13.355|
RF_A<21>       |Zero           |   18.395|
RF_A<22>       |ALU_out<21>    |    9.283|
RF_A<22>       |ALU_out<22>    |   13.097|
RF_A<22>       |ALU_out<23>    |   12.090|
RF_A<22>       |ALU_out<24>    |   12.370|
RF_A<22>       |ALU_out<25>    |   12.054|
RF_A<22>       |ALU_out<26>    |   12.686|
RF_A<22>       |ALU_out<27>    |   12.144|
RF_A<22>       |ALU_out<28>    |   12.602|
RF_A<22>       |ALU_out<29>    |   12.073|
RF_A<22>       |ALU_out<30>    |   12.013|
RF_A<22>       |ALU_out<31>    |   13.215|
RF_A<22>       |Zero           |   18.255|
RF_A<23>       |ALU_out<22>    |    8.922|
RF_A<23>       |ALU_out<23>    |   11.602|
RF_A<23>       |ALU_out<24>    |   12.099|
RF_A<23>       |ALU_out<25>    |   11.783|
RF_A<23>       |ALU_out<26>    |   12.415|
RF_A<23>       |ALU_out<27>    |   11.873|
RF_A<23>       |ALU_out<28>    |   12.331|
RF_A<23>       |ALU_out<29>    |   11.802|
RF_A<23>       |ALU_out<30>    |   11.742|
RF_A<23>       |ALU_out<31>    |   12.944|
RF_A<23>       |Zero           |   17.984|
RF_A<24>       |ALU_out<23>    |    8.563|
RF_A<24>       |ALU_out<24>    |   11.752|
RF_A<24>       |ALU_out<25>    |   11.587|
RF_A<24>       |ALU_out<26>    |   12.456|
RF_A<24>       |ALU_out<27>    |   11.914|
RF_A<24>       |ALU_out<28>    |   12.372|
RF_A<24>       |ALU_out<29>    |   11.843|
RF_A<24>       |ALU_out<30>    |   11.783|
RF_A<24>       |ALU_out<31>    |   12.985|
RF_A<24>       |Zero           |   17.637|
RF_A<25>       |ALU_out<24>    |    8.623|
RF_A<25>       |ALU_out<25>    |   11.290|
RF_A<25>       |ALU_out<26>    |   12.376|
RF_A<25>       |ALU_out<27>    |   11.834|
RF_A<25>       |ALU_out<28>    |   12.292|
RF_A<25>       |ALU_out<29>    |   11.763|
RF_A<25>       |ALU_out<30>    |   11.703|
RF_A<25>       |ALU_out<31>    |   12.905|
RF_A<25>       |Zero           |   16.752|
RF_A<26>       |ALU_out<25>    |    8.007|
RF_A<26>       |ALU_out<26>    |   12.119|
RF_A<26>       |ALU_out<27>    |   11.728|
RF_A<26>       |ALU_out<28>    |   12.423|
RF_A<26>       |ALU_out<29>    |   11.894|
RF_A<26>       |ALU_out<30>    |   11.834|
RF_A<26>       |ALU_out<31>    |   13.036|
RF_A<26>       |Zero           |   16.883|
RF_A<27>       |ALU_out<26>    |    9.308|
RF_A<27>       |ALU_out<27>    |   11.577|
RF_A<27>       |ALU_out<28>    |   12.489|
RF_A<27>       |ALU_out<29>    |   11.960|
RF_A<27>       |ALU_out<30>    |   11.900|
RF_A<27>       |ALU_out<31>    |   13.102|
RF_A<27>       |Zero           |   16.949|
RF_A<28>       |ALU_out<27>    |    8.089|
RF_A<28>       |ALU_out<28>    |   11.933|
RF_A<28>       |ALU_out<29>    |   11.555|
RF_A<28>       |ALU_out<30>    |   11.732|
RF_A<28>       |ALU_out<31>    |   12.934|
RF_A<28>       |Zero           |   16.736|
RF_A<29>       |ALU_out<28>    |    8.172|
RF_A<29>       |ALU_out<29>    |   11.579|
RF_A<29>       |ALU_out<30>    |   11.973|
RF_A<29>       |ALU_out<31>    |   13.175|
RF_A<29>       |Zero           |   16.977|
RF_A<30>       |ALU_out<29>    |    7.964|
RF_A<30>       |ALU_out<30>    |   11.548|
RF_A<30>       |ALU_out<31>    |   12.901|
RF_A<30>       |Zero           |   16.703|
RF_A<31>       |ALU_out<0>     |   12.634|
RF_A<31>       |ALU_out<30>    |    7.896|
RF_A<31>       |ALU_out<31>    |   15.830|
RF_A<31>       |Zero           |   19.632|
RF_B<0>        |ALU_out<0>     |   16.024|
RF_B<0>        |ALU_out<1>     |   16.393|
RF_B<0>        |ALU_out<2>     |   17.141|
RF_B<0>        |ALU_out<3>     |   17.306|
RF_B<0>        |ALU_out<4>     |   16.416|
RF_B<0>        |ALU_out<5>     |   16.432|
RF_B<0>        |ALU_out<6>     |   16.808|
RF_B<0>        |ALU_out<7>     |   16.813|
RF_B<0>        |ALU_out<8>     |   17.129|
RF_B<0>        |ALU_out<9>     |   17.513|
RF_B<0>        |ALU_out<10>    |   16.570|
RF_B<0>        |ALU_out<11>    |   17.336|
RF_B<0>        |ALU_out<12>    |   17.007|
RF_B<0>        |ALU_out<13>    |   16.979|
RF_B<0>        |ALU_out<14>    |   16.431|
RF_B<0>        |ALU_out<15>    |   17.305|
RF_B<0>        |ALU_out<16>    |   17.597|
RF_B<0>        |ALU_out<17>    |   18.156|
RF_B<0>        |ALU_out<18>    |   18.331|
RF_B<0>        |ALU_out<19>    |   18.238|
RF_B<0>        |ALU_out<20>    |   17.249|
RF_B<0>        |ALU_out<21>    |   17.410|
RF_B<0>        |ALU_out<22>    |   18.620|
RF_B<0>        |ALU_out<23>    |   17.462|
RF_B<0>        |ALU_out<24>    |   17.868|
RF_B<0>        |ALU_out<25>    |   17.552|
RF_B<0>        |ALU_out<26>    |   18.184|
RF_B<0>        |ALU_out<27>    |   17.642|
RF_B<0>        |ALU_out<28>    |   18.100|
RF_B<0>        |ALU_out<29>    |   17.571|
RF_B<0>        |ALU_out<30>    |   17.511|
RF_B<0>        |ALU_out<31>    |   18.713|
RF_B<0>        |Zero           |   23.753|
RF_B<1>        |ALU_out<1>     |   15.446|
RF_B<1>        |ALU_out<2>     |   16.411|
RF_B<1>        |ALU_out<3>     |   16.902|
RF_B<1>        |ALU_out<4>     |   16.424|
RF_B<1>        |ALU_out<5>     |   16.440|
RF_B<1>        |ALU_out<6>     |   16.816|
RF_B<1>        |ALU_out<7>     |   16.821|
RF_B<1>        |ALU_out<8>     |   17.137|
RF_B<1>        |ALU_out<9>     |   17.521|
RF_B<1>        |ALU_out<10>    |   16.578|
RF_B<1>        |ALU_out<11>    |   17.344|
RF_B<1>        |ALU_out<12>    |   17.015|
RF_B<1>        |ALU_out<13>    |   16.987|
RF_B<1>        |ALU_out<14>    |   16.439|
RF_B<1>        |ALU_out<15>    |   17.313|
RF_B<1>        |ALU_out<16>    |   17.605|
RF_B<1>        |ALU_out<17>    |   18.164|
RF_B<1>        |ALU_out<18>    |   18.339|
RF_B<1>        |ALU_out<19>    |   18.246|
RF_B<1>        |ALU_out<20>    |   17.257|
RF_B<1>        |ALU_out<21>    |   17.418|
RF_B<1>        |ALU_out<22>    |   18.628|
RF_B<1>        |ALU_out<23>    |   17.470|
RF_B<1>        |ALU_out<24>    |   17.876|
RF_B<1>        |ALU_out<25>    |   17.560|
RF_B<1>        |ALU_out<26>    |   18.192|
RF_B<1>        |ALU_out<27>    |   17.650|
RF_B<1>        |ALU_out<28>    |   18.108|
RF_B<1>        |ALU_out<29>    |   17.579|
RF_B<1>        |ALU_out<30>    |   17.519|
RF_B<1>        |ALU_out<31>    |   18.721|
RF_B<1>        |Zero           |   23.761|
RF_B<2>        |ALU_out<2>     |   15.795|
RF_B<2>        |ALU_out<3>     |   16.539|
RF_B<2>        |ALU_out<4>     |   16.061|
RF_B<2>        |ALU_out<5>     |   16.077|
RF_B<2>        |ALU_out<6>     |   16.690|
RF_B<2>        |ALU_out<7>     |   16.695|
RF_B<2>        |ALU_out<8>     |   17.011|
RF_B<2>        |ALU_out<9>     |   17.395|
RF_B<2>        |ALU_out<10>    |   16.452|
RF_B<2>        |ALU_out<11>    |   17.218|
RF_B<2>        |ALU_out<12>    |   16.889|
RF_B<2>        |ALU_out<13>    |   16.861|
RF_B<2>        |ALU_out<14>    |   16.313|
RF_B<2>        |ALU_out<15>    |   17.187|
RF_B<2>        |ALU_out<16>    |   17.479|
RF_B<2>        |ALU_out<17>    |   18.038|
RF_B<2>        |ALU_out<18>    |   18.213|
RF_B<2>        |ALU_out<19>    |   18.120|
RF_B<2>        |ALU_out<20>    |   17.131|
RF_B<2>        |ALU_out<21>    |   17.292|
RF_B<2>        |ALU_out<22>    |   18.502|
RF_B<2>        |ALU_out<23>    |   17.344|
RF_B<2>        |ALU_out<24>    |   17.750|
RF_B<2>        |ALU_out<25>    |   17.434|
RF_B<2>        |ALU_out<26>    |   18.066|
RF_B<2>        |ALU_out<27>    |   17.524|
RF_B<2>        |ALU_out<28>    |   17.982|
RF_B<2>        |ALU_out<29>    |   17.453|
RF_B<2>        |ALU_out<30>    |   17.393|
RF_B<2>        |ALU_out<31>    |   18.595|
RF_B<2>        |Zero           |   23.635|
RF_B<3>        |ALU_out<3>     |   16.591|
RF_B<3>        |ALU_out<4>     |   16.113|
RF_B<3>        |ALU_out<5>     |   16.221|
RF_B<3>        |ALU_out<6>     |   16.959|
RF_B<3>        |ALU_out<7>     |   16.964|
RF_B<3>        |ALU_out<8>     |   17.280|
RF_B<3>        |ALU_out<9>     |   17.664|
RF_B<3>        |ALU_out<10>    |   16.721|
RF_B<3>        |ALU_out<11>    |   17.487|
RF_B<3>        |ALU_out<12>    |   17.158|
RF_B<3>        |ALU_out<13>    |   17.130|
RF_B<3>        |ALU_out<14>    |   16.582|
RF_B<3>        |ALU_out<15>    |   17.456|
RF_B<3>        |ALU_out<16>    |   17.748|
RF_B<3>        |ALU_out<17>    |   18.307|
RF_B<3>        |ALU_out<18>    |   18.482|
RF_B<3>        |ALU_out<19>    |   18.389|
RF_B<3>        |ALU_out<20>    |   17.400|
RF_B<3>        |ALU_out<21>    |   17.561|
RF_B<3>        |ALU_out<22>    |   18.771|
RF_B<3>        |ALU_out<23>    |   17.613|
RF_B<3>        |ALU_out<24>    |   18.019|
RF_B<3>        |ALU_out<25>    |   17.703|
RF_B<3>        |ALU_out<26>    |   18.335|
RF_B<3>        |ALU_out<27>    |   17.793|
RF_B<3>        |ALU_out<28>    |   18.251|
RF_B<3>        |ALU_out<29>    |   17.722|
RF_B<3>        |ALU_out<30>    |   17.662|
RF_B<3>        |ALU_out<31>    |   18.864|
RF_B<3>        |Zero           |   23.904|
RF_B<4>        |ALU_out<4>     |   15.435|
RF_B<4>        |ALU_out<5>     |   16.017|
RF_B<4>        |ALU_out<6>     |   16.755|
RF_B<4>        |ALU_out<7>     |   16.760|
RF_B<4>        |ALU_out<8>     |   17.087|
RF_B<4>        |ALU_out<9>     |   17.471|
RF_B<4>        |ALU_out<10>    |   16.528|
RF_B<4>        |ALU_out<11>    |   17.294|
RF_B<4>        |ALU_out<12>    |   16.965|
RF_B<4>        |ALU_out<13>    |   17.011|
RF_B<4>        |ALU_out<14>    |   16.615|
RF_B<4>        |ALU_out<15>    |   17.489|
RF_B<4>        |ALU_out<16>    |   17.781|
RF_B<4>        |ALU_out<17>    |   18.340|
RF_B<4>        |ALU_out<18>    |   18.515|
RF_B<4>        |ALU_out<19>    |   18.422|
RF_B<4>        |ALU_out<20>    |   17.433|
RF_B<4>        |ALU_out<21>    |   17.594|
RF_B<4>        |ALU_out<22>    |   18.804|
RF_B<4>        |ALU_out<23>    |   17.646|
RF_B<4>        |ALU_out<24>    |   18.052|
RF_B<4>        |ALU_out<25>    |   17.736|
RF_B<4>        |ALU_out<26>    |   18.368|
RF_B<4>        |ALU_out<27>    |   17.826|
RF_B<4>        |ALU_out<28>    |   18.284|
RF_B<4>        |ALU_out<29>    |   17.755|
RF_B<4>        |ALU_out<30>    |   17.695|
RF_B<4>        |ALU_out<31>    |   18.897|
RF_B<4>        |Zero           |   23.937|
RF_B<5>        |ALU_out<5>     |   15.408|
RF_B<5>        |ALU_out<6>     |   16.146|
RF_B<5>        |ALU_out<7>     |   16.151|
RF_B<5>        |ALU_out<8>     |   16.695|
RF_B<5>        |ALU_out<9>     |   17.079|
RF_B<5>        |ALU_out<10>    |   16.136|
RF_B<5>        |ALU_out<11>    |   16.902|
RF_B<5>        |ALU_out<12>    |   16.573|
RF_B<5>        |ALU_out<13>    |   16.619|
RF_B<5>        |ALU_out<14>    |   16.223|
RF_B<5>        |ALU_out<15>    |   17.097|
RF_B<5>        |ALU_out<16>    |   17.389|
RF_B<5>        |ALU_out<17>    |   17.948|
RF_B<5>        |ALU_out<18>    |   18.123|
RF_B<5>        |ALU_out<19>    |   18.030|
RF_B<5>        |ALU_out<20>    |   17.041|
RF_B<5>        |ALU_out<21>    |   17.202|
RF_B<5>        |ALU_out<22>    |   18.412|
RF_B<5>        |ALU_out<23>    |   17.254|
RF_B<5>        |ALU_out<24>    |   17.660|
RF_B<5>        |ALU_out<25>    |   17.344|
RF_B<5>        |ALU_out<26>    |   17.976|
RF_B<5>        |ALU_out<27>    |   17.434|
RF_B<5>        |ALU_out<28>    |   17.892|
RF_B<5>        |ALU_out<29>    |   17.363|
RF_B<5>        |ALU_out<30>    |   17.303|
RF_B<5>        |ALU_out<31>    |   18.505|
RF_B<5>        |Zero           |   23.545|
RF_B<6>        |ALU_out<6>     |   15.582|
RF_B<6>        |ALU_out<7>     |   16.009|
RF_B<6>        |ALU_out<8>     |   16.779|
RF_B<6>        |ALU_out<9>     |   17.163|
RF_B<6>        |ALU_out<10>    |   16.318|
RF_B<6>        |ALU_out<11>    |   17.084|
RF_B<6>        |ALU_out<12>    |   16.817|
RF_B<6>        |ALU_out<13>    |   16.940|
RF_B<6>        |ALU_out<14>    |   16.544|
RF_B<6>        |ALU_out<15>    |   17.418|
RF_B<6>        |ALU_out<16>    |   17.710|
RF_B<6>        |ALU_out<17>    |   18.269|
RF_B<6>        |ALU_out<18>    |   18.444|
RF_B<6>        |ALU_out<19>    |   18.351|
RF_B<6>        |ALU_out<20>    |   17.362|
RF_B<6>        |ALU_out<21>    |   17.523|
RF_B<6>        |ALU_out<22>    |   18.733|
RF_B<6>        |ALU_out<23>    |   17.575|
RF_B<6>        |ALU_out<24>    |   17.981|
RF_B<6>        |ALU_out<25>    |   17.665|
RF_B<6>        |ALU_out<26>    |   18.297|
RF_B<6>        |ALU_out<27>    |   17.755|
RF_B<6>        |ALU_out<28>    |   18.213|
RF_B<6>        |ALU_out<29>    |   17.684|
RF_B<6>        |ALU_out<30>    |   17.624|
RF_B<6>        |ALU_out<31>    |   18.826|
RF_B<6>        |Zero           |   23.866|
RF_B<7>        |ALU_out<7>     |   15.893|
RF_B<7>        |ALU_out<8>     |   16.663|
RF_B<7>        |ALU_out<9>     |   17.081|
RF_B<7>        |ALU_out<10>    |   16.419|
RF_B<7>        |ALU_out<11>    |   17.185|
RF_B<7>        |ALU_out<12>    |   16.918|
RF_B<7>        |ALU_out<13>    |   17.041|
RF_B<7>        |ALU_out<14>    |   16.645|
RF_B<7>        |ALU_out<15>    |   17.519|
RF_B<7>        |ALU_out<16>    |   17.811|
RF_B<7>        |ALU_out<17>    |   18.370|
RF_B<7>        |ALU_out<18>    |   18.545|
RF_B<7>        |ALU_out<19>    |   18.452|
RF_B<7>        |ALU_out<20>    |   17.463|
RF_B<7>        |ALU_out<21>    |   17.624|
RF_B<7>        |ALU_out<22>    |   18.834|
RF_B<7>        |ALU_out<23>    |   17.676|
RF_B<7>        |ALU_out<24>    |   18.082|
RF_B<7>        |ALU_out<25>    |   17.766|
RF_B<7>        |ALU_out<26>    |   18.398|
RF_B<7>        |ALU_out<27>    |   17.856|
RF_B<7>        |ALU_out<28>    |   18.314|
RF_B<7>        |ALU_out<29>    |   17.785|
RF_B<7>        |ALU_out<30>    |   17.725|
RF_B<7>        |ALU_out<31>    |   18.927|
RF_B<7>        |Zero           |   23.967|
RF_B<8>        |ALU_out<8>     |   16.104|
RF_B<8>        |ALU_out<9>     |   16.639|
RF_B<8>        |ALU_out<10>    |   16.032|
RF_B<8>        |ALU_out<11>    |   16.798|
RF_B<8>        |ALU_out<12>    |   16.768|
RF_B<8>        |ALU_out<13>    |   16.891|
RF_B<8>        |ALU_out<14>    |   16.495|
RF_B<8>        |ALU_out<15>    |   17.369|
RF_B<8>        |ALU_out<16>    |   17.661|
RF_B<8>        |ALU_out<17>    |   18.220|
RF_B<8>        |ALU_out<18>    |   18.395|
RF_B<8>        |ALU_out<19>    |   18.302|
RF_B<8>        |ALU_out<20>    |   17.313|
RF_B<8>        |ALU_out<21>    |   17.474|
RF_B<8>        |ALU_out<22>    |   18.684|
RF_B<8>        |ALU_out<23>    |   17.526|
RF_B<8>        |ALU_out<24>    |   17.932|
RF_B<8>        |ALU_out<25>    |   17.616|
RF_B<8>        |ALU_out<26>    |   18.248|
RF_B<8>        |ALU_out<27>    |   17.706|
RF_B<8>        |ALU_out<28>    |   18.164|
RF_B<8>        |ALU_out<29>    |   17.635|
RF_B<8>        |ALU_out<30>    |   17.575|
RF_B<8>        |ALU_out<31>    |   18.777|
RF_B<8>        |Zero           |   23.817|
RF_B<9>        |ALU_out<9>     |   16.134|
RF_B<9>        |ALU_out<10>    |   15.645|
RF_B<9>        |ALU_out<11>    |   16.427|
RF_B<9>        |ALU_out<12>    |   16.598|
RF_B<9>        |ALU_out<13>    |   16.721|
RF_B<9>        |ALU_out<14>    |   16.325|
RF_B<9>        |ALU_out<15>    |   17.199|
RF_B<9>        |ALU_out<16>    |   17.491|
RF_B<9>        |ALU_out<17>    |   18.050|
RF_B<9>        |ALU_out<18>    |   18.225|
RF_B<9>        |ALU_out<19>    |   18.132|
RF_B<9>        |ALU_out<20>    |   17.143|
RF_B<9>        |ALU_out<21>    |   17.304|
RF_B<9>        |ALU_out<22>    |   18.514|
RF_B<9>        |ALU_out<23>    |   17.356|
RF_B<9>        |ALU_out<24>    |   17.762|
RF_B<9>        |ALU_out<25>    |   17.446|
RF_B<9>        |ALU_out<26>    |   18.078|
RF_B<9>        |ALU_out<27>    |   17.536|
RF_B<9>        |ALU_out<28>    |   17.994|
RF_B<9>        |ALU_out<29>    |   17.465|
RF_B<9>        |ALU_out<30>    |   17.405|
RF_B<9>        |ALU_out<31>    |   18.607|
RF_B<9>        |Zero           |   23.647|
RF_B<10>       |ALU_out<10>    |   15.127|
RF_B<10>       |ALU_out<11>    |   16.203|
RF_B<10>       |ALU_out<12>    |   16.611|
RF_B<10>       |ALU_out<13>    |   16.734|
RF_B<10>       |ALU_out<14>    |   16.338|
RF_B<10>       |ALU_out<15>    |   17.212|
RF_B<10>       |ALU_out<16>    |   17.504|
RF_B<10>       |ALU_out<17>    |   18.063|
RF_B<10>       |ALU_out<18>    |   18.238|
RF_B<10>       |ALU_out<19>    |   18.145|
RF_B<10>       |ALU_out<20>    |   17.156|
RF_B<10>       |ALU_out<21>    |   17.317|
RF_B<10>       |ALU_out<22>    |   18.527|
RF_B<10>       |ALU_out<23>    |   17.369|
RF_B<10>       |ALU_out<24>    |   17.775|
RF_B<10>       |ALU_out<25>    |   17.459|
RF_B<10>       |ALU_out<26>    |   18.091|
RF_B<10>       |ALU_out<27>    |   17.549|
RF_B<10>       |ALU_out<28>    |   18.007|
RF_B<10>       |ALU_out<29>    |   17.478|
RF_B<10>       |ALU_out<30>    |   17.418|
RF_B<10>       |ALU_out<31>    |   18.620|
RF_B<10>       |Zero           |   23.660|
RF_B<11>       |ALU_out<11>    |   15.926|
RF_B<11>       |ALU_out<12>    |   16.551|
RF_B<11>       |ALU_out<13>    |   16.674|
RF_B<11>       |ALU_out<14>    |   16.278|
RF_B<11>       |ALU_out<15>    |   17.152|
RF_B<11>       |ALU_out<16>    |   17.444|
RF_B<11>       |ALU_out<17>    |   18.003|
RF_B<11>       |ALU_out<18>    |   18.178|
RF_B<11>       |ALU_out<19>    |   18.085|
RF_B<11>       |ALU_out<20>    |   17.096|
RF_B<11>       |ALU_out<21>    |   17.257|
RF_B<11>       |ALU_out<22>    |   18.467|
RF_B<11>       |ALU_out<23>    |   17.309|
RF_B<11>       |ALU_out<24>    |   17.715|
RF_B<11>       |ALU_out<25>    |   17.399|
RF_B<11>       |ALU_out<26>    |   18.031|
RF_B<11>       |ALU_out<27>    |   17.489|
RF_B<11>       |ALU_out<28>    |   17.947|
RF_B<11>       |ALU_out<29>    |   17.418|
RF_B<11>       |ALU_out<30>    |   17.358|
RF_B<11>       |ALU_out<31>    |   18.560|
RF_B<11>       |Zero           |   23.600|
RF_B<12>       |ALU_out<12>    |   16.800|
RF_B<12>       |ALU_out<13>    |   16.923|
RF_B<12>       |ALU_out<14>    |   16.586|
RF_B<12>       |ALU_out<15>    |   17.789|
RF_B<12>       |ALU_out<16>    |   18.081|
RF_B<12>       |ALU_out<17>    |   18.640|
RF_B<12>       |ALU_out<18>    |   18.815|
RF_B<12>       |ALU_out<19>    |   18.722|
RF_B<12>       |ALU_out<20>    |   17.733|
RF_B<12>       |ALU_out<21>    |   17.894|
RF_B<12>       |ALU_out<22>    |   19.104|
RF_B<12>       |ALU_out<23>    |   17.946|
RF_B<12>       |ALU_out<24>    |   18.352|
RF_B<12>       |ALU_out<25>    |   18.036|
RF_B<12>       |ALU_out<26>    |   18.668|
RF_B<12>       |ALU_out<27>    |   18.126|
RF_B<12>       |ALU_out<28>    |   18.584|
RF_B<12>       |ALU_out<29>    |   18.055|
RF_B<12>       |ALU_out<30>    |   17.995|
RF_B<12>       |ALU_out<31>    |   19.197|
RF_B<12>       |Zero           |   24.237|
RF_B<13>       |ALU_out<13>    |   16.760|
RF_B<13>       |ALU_out<14>    |   16.581|
RF_B<13>       |ALU_out<15>    |   18.001|
RF_B<13>       |ALU_out<16>    |   18.293|
RF_B<13>       |ALU_out<17>    |   18.852|
RF_B<13>       |ALU_out<18>    |   19.027|
RF_B<13>       |ALU_out<19>    |   18.934|
RF_B<13>       |ALU_out<20>    |   17.945|
RF_B<13>       |ALU_out<21>    |   18.106|
RF_B<13>       |ALU_out<22>    |   19.316|
RF_B<13>       |ALU_out<23>    |   18.158|
RF_B<13>       |ALU_out<24>    |   18.564|
RF_B<13>       |ALU_out<25>    |   18.248|
RF_B<13>       |ALU_out<26>    |   18.880|
RF_B<13>       |ALU_out<27>    |   18.338|
RF_B<13>       |ALU_out<28>    |   18.796|
RF_B<13>       |ALU_out<29>    |   18.267|
RF_B<13>       |ALU_out<30>    |   18.207|
RF_B<13>       |ALU_out<31>    |   19.409|
RF_B<13>       |Zero           |   24.449|
RF_B<14>       |ALU_out<14>    |   15.304|
RF_B<14>       |ALU_out<15>    |   17.061|
RF_B<14>       |ALU_out<16>    |   17.353|
RF_B<14>       |ALU_out<17>    |   17.912|
RF_B<14>       |ALU_out<18>    |   18.087|
RF_B<14>       |ALU_out<19>    |   17.994|
RF_B<14>       |ALU_out<20>    |   17.005|
RF_B<14>       |ALU_out<21>    |   17.166|
RF_B<14>       |ALU_out<22>    |   18.376|
RF_B<14>       |ALU_out<23>    |   17.364|
RF_B<14>       |ALU_out<24>    |   17.861|
RF_B<14>       |ALU_out<25>    |   17.545|
RF_B<14>       |ALU_out<26>    |   18.177|
RF_B<14>       |ALU_out<27>    |   17.635|
RF_B<14>       |ALU_out<28>    |   18.093|
RF_B<14>       |ALU_out<29>    |   17.564|
RF_B<14>       |ALU_out<30>    |   17.504|
RF_B<14>       |ALU_out<31>    |   18.706|
RF_B<14>       |Zero           |   23.746|
RF_B<15>       |ALU_out<15>    |   17.028|
RF_B<15>       |ALU_out<16>    |   17.320|
RF_B<15>       |ALU_out<17>    |   17.879|
RF_B<15>       |ALU_out<18>    |   18.054|
RF_B<15>       |ALU_out<19>    |   17.961|
RF_B<15>       |ALU_out<20>    |   17.103|
RF_B<15>       |ALU_out<21>    |   17.264|
RF_B<15>       |ALU_out<22>    |   18.552|
RF_B<15>       |ALU_out<23>    |   17.548|
RF_B<15>       |ALU_out<24>    |   18.045|
RF_B<15>       |ALU_out<25>    |   17.729|
RF_B<15>       |ALU_out<26>    |   18.361|
RF_B<15>       |ALU_out<27>    |   17.819|
RF_B<15>       |ALU_out<28>    |   18.277|
RF_B<15>       |ALU_out<29>    |   17.748|
RF_B<15>       |ALU_out<30>    |   17.688|
RF_B<15>       |ALU_out<31>    |   18.890|
RF_B<15>       |Zero           |   23.930|
RF_B<16>       |ALU_out<16>    |   15.735|
RF_B<16>       |ALU_out<17>    |   17.256|
RF_B<16>       |ALU_out<18>    |   17.885|
RF_B<16>       |ALU_out<19>    |   17.853|
RF_B<16>       |ALU_out<20>    |   17.318|
RF_B<16>       |ALU_out<21>    |   17.479|
RF_B<16>       |ALU_out<22>    |   18.767|
RF_B<16>       |ALU_out<23>    |   17.763|
RF_B<16>       |ALU_out<24>    |   18.260|
RF_B<16>       |ALU_out<25>    |   17.944|
RF_B<16>       |ALU_out<26>    |   18.576|
RF_B<16>       |ALU_out<27>    |   18.034|
RF_B<16>       |ALU_out<28>    |   18.492|
RF_B<16>       |ALU_out<29>    |   17.963|
RF_B<16>       |ALU_out<30>    |   17.903|
RF_B<16>       |ALU_out<31>    |   19.105|
RF_B<16>       |Zero           |   24.145|
RF_B<17>       |ALU_out<17>    |   16.938|
RF_B<17>       |ALU_out<18>    |   17.567|
RF_B<17>       |ALU_out<19>    |   17.752|
RF_B<17>       |ALU_out<20>    |   17.217|
RF_B<17>       |ALU_out<21>    |   17.378|
RF_B<17>       |ALU_out<22>    |   18.666|
RF_B<17>       |ALU_out<23>    |   17.662|
RF_B<17>       |ALU_out<24>    |   18.159|
RF_B<17>       |ALU_out<25>    |   17.843|
RF_B<17>       |ALU_out<26>    |   18.475|
RF_B<17>       |ALU_out<27>    |   17.933|
RF_B<17>       |ALU_out<28>    |   18.391|
RF_B<17>       |ALU_out<29>    |   17.862|
RF_B<17>       |ALU_out<30>    |   17.802|
RF_B<17>       |ALU_out<31>    |   19.004|
RF_B<17>       |Zero           |   24.044|
RF_B<18>       |ALU_out<18>    |   16.160|
RF_B<18>       |ALU_out<19>    |   17.056|
RF_B<18>       |ALU_out<20>    |   16.521|
RF_B<18>       |ALU_out<21>    |   16.682|
RF_B<18>       |ALU_out<22>    |   18.207|
RF_B<18>       |ALU_out<23>    |   17.203|
RF_B<18>       |ALU_out<24>    |   17.700|
RF_B<18>       |ALU_out<25>    |   17.384|
RF_B<18>       |ALU_out<26>    |   18.016|
RF_B<18>       |ALU_out<27>    |   17.474|
RF_B<18>       |ALU_out<28>    |   17.932|
RF_B<18>       |ALU_out<29>    |   17.403|
RF_B<18>       |ALU_out<30>    |   17.343|
RF_B<18>       |ALU_out<31>    |   18.545|
RF_B<18>       |Zero           |   23.585|
RF_B<19>       |ALU_out<19>    |   17.615|
RF_B<19>       |ALU_out<20>    |   17.080|
RF_B<19>       |ALU_out<21>    |   17.319|
RF_B<19>       |ALU_out<22>    |   18.983|
RF_B<19>       |ALU_out<23>    |   17.979|
RF_B<19>       |ALU_out<24>    |   18.476|
RF_B<19>       |ALU_out<25>    |   18.160|
RF_B<19>       |ALU_out<26>    |   18.792|
RF_B<19>       |ALU_out<27>    |   18.250|
RF_B<19>       |ALU_out<28>    |   18.708|
RF_B<19>       |ALU_out<29>    |   18.179|
RF_B<19>       |ALU_out<30>    |   18.119|
RF_B<19>       |ALU_out<31>    |   19.321|
RF_B<19>       |Zero           |   24.361|
RF_B<20>       |ALU_out<20>    |   16.204|
RF_B<20>       |ALU_out<21>    |   17.465|
RF_B<20>       |ALU_out<22>    |   19.129|
RF_B<20>       |ALU_out<23>    |   18.362|
RF_B<20>       |ALU_out<24>    |   18.859|
RF_B<20>       |ALU_out<25>    |   18.543|
RF_B<20>       |ALU_out<26>    |   19.175|
RF_B<20>       |ALU_out<27>    |   18.633|
RF_B<20>       |ALU_out<28>    |   19.091|
RF_B<20>       |ALU_out<29>    |   18.562|
RF_B<20>       |ALU_out<30>    |   18.502|
RF_B<20>       |ALU_out<31>    |   19.704|
RF_B<20>       |Zero           |   24.744|
RF_B<21>       |ALU_out<21>    |   16.385|
RF_B<21>       |ALU_out<22>    |   18.049|
RF_B<21>       |ALU_out<23>    |   17.499|
RF_B<21>       |ALU_out<24>    |   17.996|
RF_B<21>       |ALU_out<25>    |   17.680|
RF_B<21>       |ALU_out<26>    |   18.312|
RF_B<21>       |ALU_out<27>    |   17.770|
RF_B<21>       |ALU_out<28>    |   18.228|
RF_B<21>       |ALU_out<29>    |   17.699|
RF_B<21>       |ALU_out<30>    |   17.639|
RF_B<21>       |ALU_out<31>    |   18.841|
RF_B<21>       |Zero           |   23.881|
RF_B<22>       |ALU_out<22>    |   18.847|
RF_B<22>       |ALU_out<23>    |   19.081|
RF_B<22>       |ALU_out<24>    |   19.578|
RF_B<22>       |ALU_out<25>    |   19.262|
RF_B<22>       |ALU_out<26>    |   19.894|
RF_B<22>       |ALU_out<27>    |   19.352|
RF_B<22>       |ALU_out<28>    |   19.810|
RF_B<22>       |ALU_out<29>    |   19.281|
RF_B<22>       |ALU_out<30>    |   19.221|
RF_B<22>       |ALU_out<31>    |   20.423|
RF_B<22>       |Zero           |   25.463|
RF_B<23>       |ALU_out<23>    |   17.248|
RF_B<23>       |ALU_out<24>    |   17.745|
RF_B<23>       |ALU_out<25>    |   17.429|
RF_B<23>       |ALU_out<26>    |   18.061|
RF_B<23>       |ALU_out<27>    |   17.519|
RF_B<23>       |ALU_out<28>    |   17.977|
RF_B<23>       |ALU_out<29>    |   17.448|
RF_B<23>       |ALU_out<30>    |   17.464|
RF_B<23>       |ALU_out<31>    |   18.666|
RF_B<23>       |Zero           |   23.630|
RF_B<24>       |ALU_out<24>    |   17.219|
RF_B<24>       |ALU_out<25>    |   17.054|
RF_B<24>       |ALU_out<26>    |   17.923|
RF_B<24>       |ALU_out<27>    |   17.381|
RF_B<24>       |ALU_out<28>    |   17.875|
RF_B<24>       |ALU_out<29>    |   17.748|
RF_B<24>       |ALU_out<30>    |   18.142|
RF_B<24>       |ALU_out<31>    |   19.344|
RF_B<24>       |Zero           |   23.146|
RF_B<25>       |ALU_out<25>    |   15.306|
RF_B<25>       |ALU_out<26>    |   16.643|
RF_B<25>       |ALU_out<27>    |   16.252|
RF_B<25>       |ALU_out<28>    |   17.148|
RF_B<25>       |ALU_out<29>    |   17.021|
RF_B<25>       |ALU_out<30>    |   17.415|
RF_B<25>       |ALU_out<31>    |   18.617|
RF_B<25>       |Zero           |   22.419|
RF_B<26>       |ALU_out<26>    |   16.136|
RF_B<26>       |ALU_out<27>    |   15.880|
RF_B<26>       |ALU_out<28>    |   16.792|
RF_B<26>       |ALU_out<29>    |   16.902|
RF_B<26>       |ALU_out<30>    |   17.296|
RF_B<26>       |ALU_out<31>    |   18.498|
RF_B<26>       |Zero           |   22.300|
RF_B<27>       |ALU_out<27>    |   15.657|
RF_B<27>       |ALU_out<28>    |   16.569|
RF_B<27>       |ALU_out<29>    |   16.896|
RF_B<27>       |ALU_out<30>    |   17.290|
RF_B<27>       |ALU_out<31>    |   18.492|
RF_B<27>       |Zero           |   22.294|
RF_B<28>       |ALU_out<28>    |   16.155|
RF_B<28>       |ALU_out<29>    |   16.770|
RF_B<28>       |ALU_out<30>    |   17.164|
RF_B<28>       |ALU_out<31>    |   18.366|
RF_B<28>       |Zero           |   22.168|
RF_B<29>       |ALU_out<29>    |   16.681|
RF_B<29>       |ALU_out<30>    |   17.075|
RF_B<29>       |ALU_out<31>    |   18.277|
RF_B<29>       |Zero           |   22.079|
RF_B<30>       |ALU_out<30>    |   15.079|
RF_B<30>       |ALU_out<31>    |   16.543|
RF_B<30>       |Zero           |   20.345|
RF_B<31>       |ALU_out<31>    |   16.407|
RF_B<31>       |Zero           |   20.209|
---------------+---------------+---------+


Analysis completed Mon Feb 20 19:50:38 2017 
--------------------------------------------------------------------------------

Trace Settings:
-------------------------
Trace Settings 

Peak Memory Usage: 159 MB



