Running: C:\Xilinx\13.4\ISE_DS\ISE\bin\nt\unwrapped\fuse.exe -intstyle ise -incremental -o C:/Users/Mike/Desktop/organwsh/DECODE/DECODE_Test_isim_beh.exe -prj C:/Users/Mike/Desktop/organwsh/DECODE/DECODE_Test_beh.prj work.DECODE_Test 
ISim O.87xd (signature 0x2f00eba5)
Number of CPUs detected in this system: 4
Turning on mult-threading, number of parallel sub-compilation jobs: 8 
Determining compilation order of HDL files
Parsing VHDL file "C:/Users/Mike/Desktop/organwsh/DECODE/mux.vhd" into library work
Parsing VHDL file "C:/Users/Mike/Desktop/organwsh/DECODE/mux32Bit.vhd" into library work
Parsing VHDL file "C:/Users/Mike/Desktop/organwsh/DECODE/demux1bit.vhd" into library work
Parsing VHDL file "C:/Users/Mike/Desktop/organwsh/DECODE/mux4to1_32Bit.vhd" into library work
Parsing VHDL file "C:/Users/Mike/Desktop/organwsh/DECODE/flipflop.vhd" into library work
Parsing VHDL file "C:/Users/Mike/Desktop/organwsh/DECODE/demux2to4.vhd" into library work
Parsing VHDL file "C:/Users/Mike/Desktop/organwsh/DECODE/Reg1Bit.vhd" into library work
Parsing VHDL file "C:/Users/Mike/Desktop/organwsh/DECODE/mux8to1_32Bit.vhd" into library work
Parsing VHDL file "C:/Users/Mike/Desktop/organwsh/DECODE/demux3to8.vhd" into library work
Parsing VHDL file "C:/Users/Mike/Desktop/organwsh/DECODE/Reg4Bit.vhd" into library work
Parsing VHDL file "C:/Users/Mike/Desktop/organwsh/DECODE/mux16to1_32Bit.vhd" into library work
Parsing VHDL file "C:/Users/Mike/Desktop/organwsh/DECODE/demux4to16.vhd" into library work
Parsing VHDL file "C:/Users/Mike/Desktop/organwsh/DECODE/Reg32Bit.vhd" into library work
Parsing VHDL file "C:/Users/Mike/Desktop/organwsh/DECODE/mux32to1_32Bit.vhd" into library work
Parsing VHDL file "C:/Users/Mike/Desktop/organwsh/DECODE/mux16bit.vhd" into library work
Parsing VHDL file "C:/Users/Mike/Desktop/organwsh/DECODE/demux5to32.vhd" into library work
Parsing VHDL file "C:/Users/Mike/Desktop/organwsh/DECODE/compareModule.vhd" into library work
Parsing VHDL file "C:/Users/Mike/Desktop/organwsh/DECODE/rfer.vhd" into library work
Parsing VHDL file "C:/Users/Mike/Desktop/organwsh/DECODE/RegisterFile.vhd" into library work
Parsing VHDL file "C:/Users/Mike/Desktop/organwsh/DECODE/Extender16to32.vhd" into library work
Parsing VHDL file "C:/Users/Mike/Desktop/organwsh/DECODE/DECODE.vhd" into library work
Parsing VHDL file "C:/Users/Mike/Desktop/organwsh/DECODE/DECODE_Test.vhd" into library work
Starting static elaboration
Completed static elaboration
Fuse Memory Usage: 158976 KB
Fuse CPU Usage: 358 ms
Compiling package standard
Compiling package std_logic_1164
Compiling package numeric_std
Compiling architecture behavioral of entity mux [mux_default]
Compiling architecture behavioral of entity mux16Bit [mux16bit_default]
Compiling architecture structural of entity ImmedBox [immedbox_default]
Compiling architecture behavioral of entity mux5Bit [mux5bit_default]
Compiling architecture behavioral of entity demux [demux_default]
Compiling architecture behavioral of entity demux2to4 [demux2to4_default]
Compiling architecture behavioral of entity demux3to8 [demux3to8_default]
Compiling architecture behavioral of entity demux4to16 [demux4to16_default]
Compiling architecture behavioral of entity Decoder5to32 [decoder5to32_default]
Compiling architecture behavioral of entity flipflop [flipflop_default]
Compiling architecture behavioral of entity Reg1Bit [reg1bit_default]
Compiling architecture behavioral of entity Reg4Bit [reg4bit_default]
Compiling architecture structural of entity Reg32Bit [reg32bit_default]
Compiling architecture behavioral of entity mux32Bit [mux32bit_default]
Compiling architecture behavioral of entity mux4to1_32Bit [mux4to1_32bit_default]
Compiling architecture behavioral of entity mux8to1_32Bit [mux8to1_32bit_default]
Compiling architecture behavioral of entity mux16to1_32Bit [mux16to1_32bit_default]
Compiling architecture behavioral of entity mux32to1_32Bit [mux32to1_32bit_default]
Compiling architecture behavioral of entity compareModule [comparemodule_default]
Compiling architecture behavioral of entity RegisterFile [registerfile_default]
Compiling architecture behavioral of entity DECODE [decode_default]
Compiling architecture behavior of entity decode_test
Time Resolution for simulation is 1ps.
Waiting for 10 sub-compilation(s) to finish...
Compiled 46 VHDL Units
Built simulation executable C:/Users/Mike/Desktop/organwsh/DECODE/DECODE_Test_isim_beh.exe
Fuse Memory Usage: 174472 KB
Fuse CPU Usage: 624 ms
