ISim log file
Running: C:\Users\Mike\Desktop\organwsh\lab5\Pipeline\pipelineTest_isim_beh.exe -intstyle ise -gui -tclbatch isim.cmd -wdb C:/Users/Mike/Desktop/organwsh/lab5/Pipeline/pipelineTest_isim_beh.wdb 
ISim O.87xd (signature 0xc3576ebc)
WARNING: A WEBPACK license was found.
WARNING: Please use Xilinx License Configuration Manager to check out a full ISim license.
WARNING: ISim will run in Lite mode. Please refer to the ISim documentation for more information on the differences between the Lite and the Full version.
This is a Lite version of ISim.
Time resolution is 1 ps
# onerror resume
# wave add /
# run 1000 ns
Simulator is doing circuit initialization process.
at 0 ps, Instance /pipelinetest/uut/Datapath0/IFSTAGE0/Incrementor0/ : Warning: There is an 'U'|'X'|'W'|'Z'|'-' in an arithmetic operand, the result will be 'X'(es).
Finished circuit initialization process.
at 5 ns(1), Instance /pipelinetest/uut/Datapath0/Data_MEM0/ : Warning: CONV_INTEGER: There is an 'U'|'X'|'W'|'Z'|'-' in an arithmetic operand, and it has been converted to 0.
# restart
# restart
# run 1.00us
Simulator is doing circuit initialization process.
Finished circuit initialization process.
at 5 ns(1), Instance /pipelinetest/uut/Datapath0/Data_MEM0/ : Warning: CONV_INTEGER: There is an 'U'|'X'|'W'|'Z'|'-' in an arithmetic operand, and it has been converted to 0.
# restart
# restart
# run 1.00us
Simulator is doing circuit initialization process.
Finished circuit initialization process.
at 5 ns(1), Instance /pipelinetest/uut/Datapath0/Data_MEM0/ : Warning: CONV_INTEGER: There is an 'U'|'X'|'W'|'Z'|'-' in an arithmetic operand, and it has been converted to 0.
