Release 13.4 - xst O.87xd (nt)
Copyright (c) 1995-2011 Xilinx, Inc.  All rights reserved.
--> Parameter TMPDIR set to xst/projnav.tmp


Total REAL time to Xst completion: 0.00 secs
Total CPU time to Xst completion: 0.11 secs
 
--> Parameter xsthdpdir set to xst


Total REAL time to Xst completion: 0.00 secs
Total CPU time to Xst completion: 0.11 secs
 
--> Reading design: ALU.prj

TABLE OF CONTENTS
  1) Synthesis Options Summary
  2) HDL Compilation
  3) Design Hierarchy Analysis
  4) HDL Analysis
  5) HDL Synthesis
     5.1) HDL Synthesis Report
  6) Advanced HDL Synthesis
     6.1) Advanced HDL Synthesis Report
  7) Low Level Synthesis
  8) Partition Report
  9) Final Report
	9.1) Device utilization summary
	9.2) Partition Resource Summary
	9.3) TIMING REPORT


=========================================================================
*                      Synthesis Options Summary                        *
=========================================================================
---- Source Parameters
Input File Name                    : "ALU.prj"
Input Format                       : mixed
Ignore Synthesis Constraint File   : NO

---- Target Parameters
Output File Name                   : "ALU"
Output Format                      : NGC
Target Device                      : xc3s1600e-5-fg320

---- Source Options
Top Module Name                    : ALU
Automatic FSM Extraction           : YES
FSM Encoding Algorithm             : Auto
Safe Implementation                : No
FSM Style                          : LUT
RAM Extraction                     : Yes
RAM Style                          : Auto
ROM Extraction                     : Yes
Mux Style                          : Auto
Decoder Extraction                 : YES
Priority Encoder Extraction        : Yes
Shift Register Extraction          : YES
Logical Shifter Extraction         : YES
XOR Collapsing                     : YES
ROM Style                          : Auto
Mux Extraction                     : Yes
Resource Sharing                   : YES
Asynchronous To Synchronous        : NO
Multiplier Style                   : Auto
Automatic Register Balancing       : No

---- Target Options
Add IO Buffers                     : YES
Global Maximum Fanout              : 100000
Add Generic Clock Buffer(BUFG)     : 24
Register Duplication               : YES
Slice Packing                      : YES
Optimize Instantiated Primitives   : NO
Use Clock Enable                   : Yes
Use Synchronous Set                : Yes
Use Synchronous Reset              : Yes
Pack IO Registers into IOBs        : Auto
Equivalent register Removal        : YES

---- General Options
Optimization Goal                  : Speed
Optimization Effort                : 1
Keep Hierarchy                     : No
Netlist Hierarchy                  : As_Optimized
RTL Output                         : Yes
Global Optimization                : AllClockNets
Read Cores                         : YES
Write Timing Constraints           : NO
Cross Clock Analysis               : NO
Hierarchy Separator                : /
Bus Delimiter                      : <>
Case Specifier                     : Maintain
Slice Utilization Ratio            : 100
BRAM Utilization Ratio             : 100
Verilog 2001                       : YES
Auto BRAM Packing                  : NO
Slice Utilization Ratio Delta      : 5

=========================================================================


=========================================================================
*                          HDL Compilation                              *
=========================================================================
Compiling vhdl file "C:/Users/Mike/Desktop/organwsh/lab1/top.vhd" in Library work.
Entity <alu> compiled.
Entity <alu> (Architecture <behavioral>) compiled.

=========================================================================
*                     Design Hierarchy Analysis                         *
=========================================================================
Analyzing hierarchy for entity <ALU> in library <work> (architecture <behavioral>).


=========================================================================
*                            HDL Analysis                               *
=========================================================================
Analyzing Entity <ALU> in library <work> (Architecture <behavioral>).
Entity <ALU> analyzed. Unit <ALU> generated.


=========================================================================
*                           HDL Synthesis                               *
=========================================================================

Performing bidirectional port resolution...

Synthesizing Unit <ALU>.
    Related source file is "C:/Users/Mike/Desktop/organwsh/lab1/top.vhd".
    Found 32-bit adder for signal <BEs$addsub0000> created at line 40.
    Found 33-bit adder for signal <OutEs$addsub0000>.
    Summary:
	inferred   2 Adder/Subtractor(s).
Unit <ALU> synthesized.

INFO:Xst:1767 - HDL ADVISOR - Resource sharing has identified that some arithmetic operations in this design can share the same physical resources for reduced device utilization. For improved clock frequency you may try to disable resource sharing.

=========================================================================
HDL Synthesis Report

Macro Statistics
# Adders/Subtractors                                   : 2
 32-bit adder                                          : 1
 33-bit adder                                          : 1

=========================================================================

=========================================================================
*                       Advanced HDL Synthesis                          *
=========================================================================


=========================================================================
Advanced HDL Synthesis Report

Macro Statistics
# Adders/Subtractors                                   : 2
 32-bit adder                                          : 1
 33-bit adder                                          : 1

=========================================================================

=========================================================================
*                         Low Level Synthesis                           *
=========================================================================

Optimizing unit <ALU> ...

Mapping all equations...
Building and optimizing final netlist ...
Found area constraint ratio of 100 (+ 5) on block ALU, actual ratio is 1.

Final Macro Processing ...

=========================================================================
Final Register Report

Found no macro
=========================================================================

=========================================================================
*                           Partition Report                            *
=========================================================================

Partition Implementation Status
-------------------------------

  No Partitions were found in this design.

-------------------------------

=========================================================================
*                            Final Report                               *
=========================================================================
Final Results
RTL Top Level Output File Name     : ALU.ngr
Top Level Output File Name         : ALU
Output Format                      : NGC
Optimization Goal                  : Speed
Keep Hierarchy                     : No

Design Statistics
# IOs                              : 103

Cell Usage :
# BELS                             : 476
#      GND                         : 1
#      INV                         : 31
#      LUT1                        : 1
#      LUT2                        : 34
#      LUT3                        : 32
#      LUT4                        : 180
#      MUXCY                       : 63
#      MUXF5                       : 69
#      VCC                         : 1
#      XORCY                       : 64
# IO Buffers                       : 103
#      IBUF                        : 68
#      OBUF                        : 35
=========================================================================

Device utilization summary:
---------------------------

Selected Device : 3s1600efg320-5 

 Number of Slices:                      164  out of  14752     1%  
 Number of 4 input LUTs:                278  out of  29504     0%  
 Number of IOs:                         103
 Number of bonded IOBs:                 103  out of    250    41%  

---------------------------
Partition Resource Summary:
---------------------------

  No Partitions were found in this design.

---------------------------


=========================================================================
TIMING REPORT

NOTE: THESE TIMING NUMBERS ARE ONLY A SYNTHESIS ESTIMATE.
      FOR ACCURATE TIMING INFORMATION PLEASE REFER TO THE TRACE REPORT
      GENERATED AFTER PLACE-and-ROUTE.

Clock Information:
------------------
No clock signals found in this design

Asynchronous Control Signals Information:
----------------------------------------
No asynchronous control signals found in this design

Timing Summary:
---------------
Speed Grade: -5

   Minimum period: No path found
   Minimum input arrival time before clock: No path found
   Maximum output required time after clock: No path found
   Maximum combinational path delay: 17.458ns

Timing Detail:
--------------
All values displayed in nanoseconds (ns)

=========================================================================
Timing constraint: Default path analysis
  Total number of paths / destination ports: 24392 / 35
-------------------------------------------------------------------------
Delay:               17.458ns (Levels of Logic = 37)
  Source:            Op<1> (PAD)
  Destination:       Zero (PAD)

  Data Path: Op<1> to Zero
                                Gate     Net
    Cell:in->out      fanout   Delay   Delay  Logical Name (Net Name)
    ----------------------------------------  ------------
     IBUF:I->O            97   1.106   1.242  Op_1_IBUF (Op_1_IBUF)
     LUT3:I0->O           33   0.612   1.225  Outt_31_mux000021 (N36)
     LUT4:I0->O            1   0.612   0.426  OutEs_mux0000<0>1 (OutEs_mux0000<0>)
     LUT2:I1->O            1   0.612   0.000  Madd_OutEs_addsub0000_lut<0> (Madd_OutEs_addsub0000_lut<0>)
     MUXCY:S->O            1   0.404   0.000  Madd_OutEs_addsub0000_cy<0> (Madd_OutEs_addsub0000_cy<0>)
     MUXCY:CI->O           1   0.052   0.000  Madd_OutEs_addsub0000_cy<1> (Madd_OutEs_addsub0000_cy<1>)
     MUXCY:CI->O           1   0.052   0.000  Madd_OutEs_addsub0000_cy<2> (Madd_OutEs_addsub0000_cy<2>)
     MUXCY:CI->O           1   0.052   0.000  Madd_OutEs_addsub0000_cy<3> (Madd_OutEs_addsub0000_cy<3>)
     MUXCY:CI->O           1   0.052   0.000  Madd_OutEs_addsub0000_cy<4> (Madd_OutEs_addsub0000_cy<4>)
     MUXCY:CI->O           1   0.052   0.000  Madd_OutEs_addsub0000_cy<5> (Madd_OutEs_addsub0000_cy<5>)
     MUXCY:CI->O           1   0.052   0.000  Madd_OutEs_addsub0000_cy<6> (Madd_OutEs_addsub0000_cy<6>)
     MUXCY:CI->O           1   0.052   0.000  Madd_OutEs_addsub0000_cy<7> (Madd_OutEs_addsub0000_cy<7>)
     MUXCY:CI->O           1   0.052   0.000  Madd_OutEs_addsub0000_cy<8> (Madd_OutEs_addsub0000_cy<8>)
     MUXCY:CI->O           1   0.052   0.000  Madd_OutEs_addsub0000_cy<9> (Madd_OutEs_addsub0000_cy<9>)
     MUXCY:CI->O           1   0.052   0.000  Madd_OutEs_addsub0000_cy<10> (Madd_OutEs_addsub0000_cy<10>)
     MUXCY:CI->O           1   0.052   0.000  Madd_OutEs_addsub0000_cy<11> (Madd_OutEs_addsub0000_cy<11>)
     MUXCY:CI->O           1   0.052   0.000  Madd_OutEs_addsub0000_cy<12> (Madd_OutEs_addsub0000_cy<12>)
     MUXCY:CI->O           1   0.052   0.000  Madd_OutEs_addsub0000_cy<13> (Madd_OutEs_addsub0000_cy<13>)
     MUXCY:CI->O           1   0.052   0.000  Madd_OutEs_addsub0000_cy<14> (Madd_OutEs_addsub0000_cy<14>)
     MUXCY:CI->O           1   0.052   0.000  Madd_OutEs_addsub0000_cy<15> (Madd_OutEs_addsub0000_cy<15>)
     MUXCY:CI->O           1   0.052   0.000  Madd_OutEs_addsub0000_cy<16> (Madd_OutEs_addsub0000_cy<16>)
     MUXCY:CI->O           1   0.052   0.000  Madd_OutEs_addsub0000_cy<17> (Madd_OutEs_addsub0000_cy<17>)
     MUXCY:CI->O           1   0.052   0.000  Madd_OutEs_addsub0000_cy<18> (Madd_OutEs_addsub0000_cy<18>)
     MUXCY:CI->O           1   0.052   0.000  Madd_OutEs_addsub0000_cy<19> (Madd_OutEs_addsub0000_cy<19>)
     MUXCY:CI->O           1   0.052   0.000  Madd_OutEs_addsub0000_cy<20> (Madd_OutEs_addsub0000_cy<20>)
     MUXCY:CI->O           1   0.052   0.000  Madd_OutEs_addsub0000_cy<21> (Madd_OutEs_addsub0000_cy<21>)
     MUXCY:CI->O           1   0.052   0.000  Madd_OutEs_addsub0000_cy<22> (Madd_OutEs_addsub0000_cy<22>)
     MUXCY:CI->O           1   0.052   0.000  Madd_OutEs_addsub0000_cy<23> (Madd_OutEs_addsub0000_cy<23>)
     XORCY:CI->O           1   0.699   0.426  Madd_OutEs_addsub0000_xor<24> (OutEs_addsub0000<24>)
     LUT4:I1->O            1   0.612   0.000  Outt_24_mux000082_SW0_F (N294)
     MUXF5:I0->O           2   0.278   0.532  Outt_24_mux000082_SW0 (N200)
     LUT4:I0->O            1   0.612   0.000  Outt_24_mux0000821 (Outt_24_mux000082)
     MUXF5:I1->O           2   0.278   0.383  Outt_24_mux000082_f5 (Outt_24_OBUF)
     LUT4:I3->O            1   0.612   0.426  Zero219 (Zero219)
     LUT4:I1->O            1   0.612   0.426  Zero249 (Zero249)
     LUT4:I1->O            1   0.612   0.357  Zero355 (Zero_OBUF)
     OBUF:I->O                 3.169          Zero_OBUF (Zero)
    ----------------------------------------
    Total                     17.458ns (12.014ns logic, 5.443ns route)
                                       (68.8% logic, 31.2% route)

=========================================================================


Total REAL time to Xst completion: 5.00 secs
Total CPU time to Xst completion: 4.56 secs
 
--> 

Total memory usage is 249664 kilobytes

Number of errors   :    0 (   0 filtered)
Number of warnings :    0 (   0 filtered)
Number of infos    :    1 (   0 filtered)

